2026-02-13T08:15:29 SCRIPT START (v1.4)
2026-02-13T08:15:29 TRAP: SplitterDistance must be between Panel1MinSize and Width - Panel2MinSize.
at <ScriptBlock>, C:\Scripts\PartFinder\v1.4\Part-Finder.ps1: line 176
at <ScriptBlock>, C:\Scripts\PartFinder\run-latest.ps1: line 34
2026-02-13T08:15:29 Showing UI
2026-02-13T08:17:47 Search button clicked
2026-02-13T08:17:47 Folders count: 2
2026-02-13T08:17:47 Query: 'HTZ144N12402ONC'
2026-02-13T08:17:47 Settings saved. folders=2 mode='Filename contains' sub=True max=200 ignore='*.log;*.bak' lastQuery='HTZ144N12402ONC'
2026-02-13T08:17:47 Mode: 'Filename contains' recurse=True max=200 ignore='*.log;*.bak'
2026-02-13T08:17:47 Start-Search: folders=2 query='HTZ144N12402ONC' mode='Filename contains' recurse=True max=200 ignore='*.log;*.bak'
2026-02-13T08:17:47 Stop-Search: requested
2026-02-13T08:17:47 Start-Search: job started id=1
2026-02-13T08:17:47 Search click handler finished normally
2026-02-13T08:18:50 Job finished. state=Completed
2026-02-13T09:18:59 Search button clicked
2026-02-13T09:18:59 Folders count: 2
2026-02-13T09:18:59 Query: 'HAB096B12305'
2026-02-13T09:18:59 Settings saved. folders=2 mode='Filename contains' sub=True max=200 ignore='*.log;*.bak' lastQuery=' HAB096B12305'
2026-02-13T09:18:59 Mode: 'Filename contains' recurse=True max=200 ignore='*.log;*.bak'
2026-02-13T09:18:59 Start-Search: folders=2 query='HAB096B12305' mode='Filename contains' recurse=True max=200 ignore='*.log;*.bak'
2026-02-13T09:18:59 Stop-Search: requested
2026-02-13T09:18:59 Start-Search: job started id=3
2026-02-13T09:18:59 Search click handler finished normally
2026-02-13T09:19:13 Stop-Search: requested
2026-02-13T09:19:17 Search button clicked
2026-02-13T09:19:17 Folders count: 2
2026-02-13T09:19:17 Query: 'HAB120B12305'
2026-02-13T09:19:17 Settings saved. folders=2 mode='Filename contains' sub=True max=200 ignore='*.log;*.bak' lastQuery='HAB120B12305 '
2026-02-13T09:19:17 Mode: 'Filename contains' recurse=True max=200 ignore='*.log;*.bak'
2026-02-13T09:19:17 Start-Search: folders=2 query='HAB120B12305' mode='Filename contains' recurse=True max=200 ignore='*.log;*.bak'
2026-02-13T09:19:17 Stop-Search: requested
2026-02-13T09:19:17 Start-Search: job started id=5
2026-02-13T09:19:17 Search click handler finished normally
2026-02-13T09:19:25 Stop-Search: requested
2026-02-13T09:19:25 Search button clicked
2026-02-13T09:19:25 Folders count: 2
2026-02-13T09:19:25 Query: 'HAB120B12305'
2026-02-13T09:19:25 Settings saved. folders=2 mode='Filename contains' sub=True max=200 ignore='*.log;*.bak' lastQuery='HAB120B12305'
2026-02-13T09:19:25 Mode: 'Filename contains' recurse=True max=200 ignore='*.log;*.bak'
2026-02-13T09:19:25 Start-Search: folders=2 query='HAB120B12305' mode='Filename contains' recurse=True max=200 ignore='*.log;*.bak'
2026-02-13T09:19:25 Stop-Search: requested
2026-02-13T09:19:26 Start-Search: job started id=7
2026-02-13T09:19:26 Search click handler finished normally
2026-02-13T09:19:31 Stop-Search: requested
2026-02-13T09:19:32 Search button clicked
2026-02-13T09:19:32 Folders count: 2
2026-02-13T09:19:32 Query: 'HAB120B12305'
2026-02-13T09:19:32 Settings saved. folders=2 mode='Filename contains' sub=True max=200 ignore='*.log;*.bak' lastQuery='HAB120B12305'
2026-02-13T09:19:32 Mode: 'Filename contains' recurse=True max=200 ignore='*.log;*.bak'
2026-02-13T09:19:32 Start-Search: folders=2 query='HAB120B12305' mode='Filename contains' recurse=True max=200 ignore='*.log;*.bak'
2026-02-13T09:19:32 Stop-Search: requested
2026-02-13T09:19:32 Start-Search: job started id=9
2026-02-13T09:19:32 Search click handler finished normally
2026-02-13T09:20:10 Job finished. state=Completed
2026-02-13T09:31:04 Search button clicked
2026-02-13T09:31:04 Folders count: 2
2026-02-13T09:31:04 Query: 'HAB120B1230'
2026-02-13T09:31:04 Settings saved. folders=2 mode='Filename contains' sub=True max=200 ignore='*.log;*.bak' lastQuery='HAB120B1230'
2026-02-13T09:31:04 Mode: 'Filename contains' recurse=True max=200 ignore='*.log;*.bak'
2026-02-13T09:31:04 Start-Search: folders=2 query='HAB120B1230' mode='Filename contains' recurse=True max=200 ignore='*.log;*.bak'
2026-02-13T09:31:04 Stop-Search: requested
2026-02-13T09:31:04 Start-Search: job started id=11
2026-02-13T09:31:04 Search click handler finished normally
2026-02-13T09:32:05 Job finished. state=Completed
2026-02-13T09:32:06 Search button clicked
2026-02-13T09:32:06 Folders count: 2
2026-02-13T09:32:06 Query: 'HAB*B1230'
2026-02-13T09:32:06 Settings saved. folders=2 mode='Filename contains' sub=True max=200 ignore='*.log;*.bak' lastQuery='HAB*B1230'
2026-02-13T09:32:06 Mode: 'Filename contains' recurse=True max=200 ignore='*.log;*.bak'
2026-02-13T09:32:06 Start-Search: folders=2 query='HAB*B1230' mode='Filename contains' recurse=True max=200 ignore='*.log;*.bak'
2026-02-13T09:32:06 Stop-Search: requested
2026-02-13T09:32:06 Start-Search: job started id=13
2026-02-13T09:32:06 Search click handler finished normally
2026-02-13T09:32:40 Stop-Search: requested
2026-02-13T09:32:41 Search button clicked
2026-02-13T09:32:41 Folders count: 2
2026-02-13T09:32:41 Query: 'HAB*B1230*'
2026-02-13T09:32:41 Settings saved. folders=2 mode='Wildcard (* and ?)' sub=True max=200 ignore='*.log;*.bak' lastQuery='HAB*B1230*'
2026-02-13T09:32:41 Mode: 'Wildcard (* and ?)' recurse=True max=200 ignore='*.log;*.bak'
2026-02-13T09:32:41 Start-Search: folders=2 query='HAB*B1230*' mode='Wildcard (* and ?)' recurse=True max=200 ignore='*.log;*.bak'
2026-02-13T09:32:41 Stop-Search: requested
2026-02-13T09:32:41 Start-Search: job started id=15
2026-02-13T09:32:41 Search click handler finished normally
2026-02-13T09:33:43 Job finished. state=Completed
2026-02-13T09:45:11 Search button clicked
2026-02-13T09:45:11 Folders count: 2
2026-02-13T09:45:11 Query: 'HAB*B1230*'
2026-02-13T09:45:11 Settings saved. folders=2 mode='Wildcard (* and ?)' sub=True max=200 ignore='*.log;*.bak' lastQuery='HAB*B1230*'
2026-02-13T09:45:11 Mode: 'Wildcard (* and ?)' recurse=True max=200 ignore='*.log;*.bak'
2026-02-13T09:45:11 Start-Search: folders=2 query='HAB*B1230*' mode='Wildcard (* and ?)' recurse=True max=200 ignore='*.log;*.bak'
2026-02-13T09:45:11 Stop-Search: requested
2026-02-13T09:45:11 Start-Search: job started id=17
2026-02-13T09:45:11 Search click handler finished normally
2026-02-13T09:46:14 Job finished. state=Completed
2026-02-13T09:57:03 Settings saved. folders=3 mode='Wildcard (* and ?)' sub=True max=200 ignore='*.log;*.bak' lastQuery='HAB*B1230*'
2026-02-13T09:57:07 Search button clicked
2026-02-13T09:57:07 Folders count: 3
2026-02-13T09:57:07 Query: 'HAB*B1230*'
2026-02-13T09:57:07 Settings saved. folders=3 mode='Wildcard (* and ?)' sub=True max=200 ignore='*.log;*.bak' lastQuery='HAB*B1230*'
2026-02-13T09:57:07 Mode: 'Wildcard (* and ?)' recurse=True max=200 ignore='*.log;*.bak'
2026-02-13T09:57:07 Start-Search: folders=3 query='HAB*B1230*' mode='Wildcard (* and ?)' recurse=True max=200 ignore='*.log;*.bak'
2026-02-13T09:57:07 Stop-Search: requested
2026-02-13T09:57:07 Start-Search: job started id=19
2026-02-13T09:57:07 Search click handler finished normally
2026-02-13T09:57:32 Stop-Search: requested
2026-02-13T09:57:38 Settings saved. folders=2 mode='Wildcard (* and ?)' sub=True max=200 ignore='*.log;*.bak' lastQuery='HAB*B1230*'
2026-02-13T09:57:53 Settings saved. folders=3 mode='Wildcard (* and ?)' sub=True max=200 ignore='*.log;*.bak' lastQuery='HAB*B1230*'
2026-02-13T09:58:04 Search button clicked
2026-02-13T09:58:04 Folders count: 3
2026-02-13T09:58:04 Query: 'HAB*B1230*'
2026-02-13T09:58:04 Settings saved. folders=3 mode='Wildcard (* and ?)' sub=True max=200 ignore='*.log;*.bak' lastQuery='HAB*B1230*'
2026-02-13T09:58:04 Mode: 'Wildcard (* and ?)' recurse=True max=200 ignore='*.log;*.bak'
2026-02-13T09:58:04 Start-Search: folders=3 query='HAB*B1230*' mode='Wildcard (* and ?)' recurse=True max=200 ignore='*.log;*.bak'
2026-02-13T09:58:04 Stop-Search: requested
2026-02-13T09:58:04 Start-Search: job started id=21
2026-02-13T09:58:05 Search click handler finished normally
2026-02-13T09:58:59 Job finished. state=Completed
2026-02-13T10:13:14 Stop-Search: requested
2026-02-13T10:13:14 Settings saved. folders=3 mode='Wildcard (* and ?)' sub=True max=200 ignore='*.log;*.bak' lastQuery='HAB*B1230*'
2026-02-13T10:13:14 FORM CLOSING
2026-02-13T10:13:14 SCRIPT END
2026-02-13T10:15:46 SCRIPT START (v1.4)
2026-02-13T10:15:46 TRAP: SplitterDistance must be between Panel1MinSize and Width - Panel2MinSize.
at <ScriptBlock>, C:\Scripts\PartFinder\v1.4\Part-Finder.ps1: line 176
at <ScriptBlock>, C:\Scripts\PartFinder\run-latest.ps1: line 34
2026-02-13T10:15:47 Showing UI
2026-02-13T10:15:52 Search button clicked
2026-02-13T10:15:52 Folders count: 3
2026-02-13T10:15:52 Query: 'HAB*B1230*'
2026-02-13T10:15:52 Settings saved. folders=3 mode='Wildcard (* and ?)' sub=True max=200 ignore='*.log;*.bak' lastQuery='HAB*B1230*'
2026-02-13T10:15:52 Mode: 'Wildcard (* and ?)' recurse=True max=200 ignore='*.log;*.bak'
2026-02-13T10:15:52 Start-Search: folders=3 query='HAB*B1230*' mode='Wildcard (* and ?)' recurse=True max=200 ignore='*.log;*.bak'
2026-02-13T10:15:52 Stop-Search: requested
2026-02-13T10:15:53 Start-Search: job started id=1
2026-02-13T10:15:53 Search click handler finished normally
2026-02-13T10:17:05 Job finished. state=Completed
2026-02-13T10:19:47 Stop-Search: requested
2026-02-13T10:19:47 Settings saved. folders=3 mode='Wildcard (* and ?)' sub=True max=200 ignore='*.log;*.bak' lastQuery='HAB*B1230*'
2026-02-13T10:19:47 FORM CLOSING
2026-02-13T10:19:48 SCRIPT END
2026-02-13T10:29:31 SCRIPT START (v1.4)
2026-02-13T10:29:31 TRAP: SplitterDistance must be between Panel1MinSize and Width - Panel2MinSize.
at <ScriptBlock>, C:\Scripts\PartFinder\v1.4\Part-Finder.ps1: line 176
at <ScriptBlock>, C:\Scripts\PartFinder\run-latest.ps1: line 34
2026-02-13T10:29:31 Showing UI
2026-02-13T10:29:43 Search button clicked
2026-02-13T10:29:43 Folders count: 3
2026-02-13T10:29:43 Query: 'idb120g12482'
2026-02-13T10:29:43 Settings saved. folders=3 mode='Wildcard (* and ?)' sub=True max=200 ignore='*.log;*.bak' lastQuery='idb120g12482'
2026-02-13T10:29:43 Mode: 'Wildcard (* and ?)' recurse=True max=200 ignore='*.log;*.bak'
2026-02-13T10:29:43 Start-Search: folders=3 query='idb120g12482' mode='Wildcard (* and ?)' recurse=True max=200 ignore='*.log;*.bak'
2026-02-13T10:29:43 Stop-Search: requested
2026-02-13T10:29:43 Start-Search: job started id=1
2026-02-13T10:29:43 Search click handler finished normally
2026-02-13T10:30:53 Job finished. state=Completed
2026-02-13T10:31:34 Search button clicked
2026-02-13T10:31:34 Folders count: 3
2026-02-13T10:31:34 Query: 'idb120g12482'
2026-02-13T10:31:34 Settings saved. folders=3 mode='Filename contains' sub=True max=200 ignore='*.log;*.bak' lastQuery='idb120g12482'
2026-02-13T10:31:34 Mode: 'Filename contains' recurse=True max=200 ignore='*.log;*.bak'
2026-02-13T10:31:34 Start-Search: folders=3 query='idb120g12482' mode='Filename contains' recurse=True max=200 ignore='*.log;*.bak'
2026-02-13T10:31:34 Stop-Search: requested
2026-02-13T10:31:35 Start-Search: job started id=3
2026-02-13T10:31:35 Search click handler finished normally
2026-02-13T10:32:37 Job finished. state=Completed
2026-02-13T10:33:51 Stop-Search: requested
2026-02-13T10:33:51 Settings saved. folders=3 mode='Filename contains' sub=True max=200 ignore='*.log;*.bak' lastQuery='idb120g12482'
2026-02-13T10:33:51 FORM CLOSING
2026-02-13T10:33:51 SCRIPT END
2026-02-13T11:09:23 SCRIPT START (v1.4)
2026-02-13T11:09:24 TRAP: SplitterDistance must be between Panel1MinSize and Width - Panel2MinSize.
at <ScriptBlock>, C:\Scripts\PartFinder\v1.4\Part-Finder.ps1: line 176
at <ScriptBlock>, C:\Scripts\PartFinder\run-latest.ps1: line 34
2026-02-13T11:09:24 Showing UI
2026-02-13T11:09:27 Search button clicked
2026-02-13T11:09:27 Folders count: 3
2026-02-13T11:09:27 Query: 'STZ120N12402ONC'
2026-02-13T11:09:27 Settings saved. folders=3 mode='Filename contains' sub=True max=200 ignore='*.log;*.bak' lastQuery='STZ120N12402ONC'
2026-02-13T11:09:27 Mode: 'Filename contains' recurse=True max=200 ignore='*.log;*.bak'
2026-02-13T11:09:27 Start-Search: folders=3 query='STZ120N12402ONC' mode='Filename contains' recurse=True max=200 ignore='*.log;*.bak'
2026-02-13T11:09:27 Stop-Search: requested
2026-02-13T11:09:27 Start-Search: job started id=1
2026-02-13T11:09:27 Search click handler finished normally
2026-02-13T11:10:40 Job finished. state=Completed
2026-02-13T11:52:38 Search button clicked
2026-02-13T11:52:38 Folders count: 3
2026-02-13T11:52:38 Query: 'IAS144N12B02SNO'
2026-02-13T11:52:38 Settings saved. folders=3 mode='Filename contains' sub=True max=200 ignore='*.log;*.bak' lastQuery='IAS144N12B02SNO'
2026-02-13T11:52:38 Mode: 'Filename contains' recurse=True max=200 ignore='*.log;*.bak'
2026-02-13T11:52:38 Start-Search: folders=3 query='IAS144N12B02SNO' mode='Filename contains' recurse=True max=200 ignore='*.log;*.bak'
2026-02-13T11:52:38 Stop-Search: requested
2026-02-13T11:52:38 Start-Search: job started id=3
2026-02-13T11:52:38 Search click handler finished normally
2026-02-13T11:53:50 Job finished. state=Completed
2026-02-13T12:15:10 Search button clicked
2026-02-13T12:15:10 Folders count: 3
2026-02-13T12:15:10 Query: 'HDB120G12482'
2026-02-13T12:15:10 Settings saved. folders=3 mode='Filename contains' sub=True max=200 ignore='*.log;*.bak' lastQuery='HDB120G12482'
2026-02-13T12:15:10 Mode: 'Filename contains' recurse=True max=200 ignore='*.log;*.bak'
2026-02-13T12:15:10 Start-Search: folders=3 query='HDB120G12482' mode='Filename contains' recurse=True max=200 ignore='*.log;*.bak'
2026-02-13T12:15:10 Stop-Search: requested
2026-02-13T12:15:10 Start-Search: job started id=5
2026-02-13T12:15:10 Search click handler finished normally
2026-02-13T12:16:20 Job finished. state=Completed
2026-02-13T13:31:09 Stop-Search: requested
2026-02-13T13:31:09 Settings saved. folders=3 mode='Filename contains' sub=True max=200 ignore='*.log;*.bak' lastQuery='HDB120G12482'
2026-02-13T13:31:09 FORM CLOSING
2026-02-16T07:40:00 SCRIPT START (v1.4)
2026-02-16T07:40:00 TRAP: SplitterDistance must be between Panel1MinSize and Width - Panel2MinSize.
at <ScriptBlock>, C:\Scripts\PartFinder\v1.4\Part-Finder.ps1: line 176
at <ScriptBlock>, C:\Scripts\PartFinder\run-latest.ps1: line 34
2026-02-16T07:40:00 Showing UI
2026-02-16T07:59:31 Search button clicked
2026-02-16T07:59:31 Folders count: 3
2026-02-16T07:59:31 Query: 'HAB096B12305'
2026-02-16T07:59:31 Settings saved. folders=3 mode='Filename contains' sub=True max=200 ignore='*.log;*.bak' lastQuery='HAB096B12305'
2026-02-16T07:59:31 Mode: 'Filename contains' recurse=True max=200 ignore='*.log;*.bak'
2026-02-16T07:59:31 Start-Search: folders=3 query='HAB096B12305' mode='Filename contains' recurse=True max=200 ignore='*.log;*.bak'
2026-02-16T07:59:31 Stop-Search: requested
2026-02-16T07:59:32 Start-Search: job started id=1
2026-02-16T07:59:32 Search click handler finished normally
2026-02-16T07:59:37 Stop-Search: requested
2026-02-16T07:59:38 Search button clicked
2026-02-16T07:59:38 Folders count: 3
2026-02-16T07:59:38 Query: 'HAB096B1230'
2026-02-16T07:59:38 Settings saved. folders=3 mode='Filename contains' sub=True max=200 ignore='*.log;*.bak' lastQuery='HAB096B1230'
2026-02-16T07:59:38 Mode: 'Filename contains' recurse=True max=200 ignore='*.log;*.bak'
2026-02-16T07:59:38 Start-Search: folders=3 query='HAB096B1230' mode='Filename contains' recurse=True max=200 ignore='*.log;*.bak'
2026-02-16T07:59:38 Stop-Search: requested
2026-02-16T07:59:38 Start-Search: job started id=3
2026-02-16T07:59:38 Search click handler finished normally
2026-02-16T08:00:40 Job finished. state=Completed
2026-02-16T08:01:21 Search button clicked
2026-02-16T08:01:21 Folders count: 3
2026-02-16T08:01:21 Query: 'HAB120B1230'
2026-02-16T08:01:21 Settings saved. folders=3 mode='Filename contains' sub=True max=200 ignore='*.log;*.bak' lastQuery='HAB120B1230'
2026-02-16T08:01:21 Mode: 'Filename contains' recurse=True max=200 ignore='*.log;*.bak'
2026-02-16T08:01:21 Start-Search: folders=3 query='HAB120B1230' mode='Filename contains' recurse=True max=200 ignore='*.log;*.bak'
2026-02-16T08:01:21 Stop-Search: requested
2026-02-16T08:01:21 Start-Search: job started id=5
2026-02-16T08:01:21 Search click handler finished normally
2026-02-16T08:02:26 Job finished. state=Completed
2026-02-16T08:03:09 Stop-Search: requested
2026-02-16T08:03:09 Settings saved. folders=3 mode='Filename contains' sub=True max=200 ignore='*.log;*.bak' lastQuery='HAB120B1230'
2026-02-16T08:03:09 FORM CLOSING
2026-02-16T08:03:09 SCRIPT END
2026-02-16T08:09:33 SCRIPT START (v1.4)
2026-02-16T08:09:33 TRAP: SplitterDistance must be between Panel1MinSize and Width - Panel2MinSize.
at <ScriptBlock>, C:\Scripts\PartFinder\v1.4\Part-Finder.ps1: line 176
at <ScriptBlock>, C:\Scripts\PartFinder\run-latest.ps1: line 34
2026-02-16T08:09:34 Showing UI
2026-02-16T08:10:06 Search button clicked
2026-02-16T08:10:07 Folders count: 3
2026-02-16T08:10:07 Query: 'HTN192N00002'
2026-02-16T08:10:07 Settings saved. folders=3 mode='Filename contains' sub=True max=200 ignore='*.log;*.bak' lastQuery='HTN192N00002'
2026-02-16T08:10:07 Mode: 'Filename contains' recurse=True max=200 ignore='*.log;*.bak'
2026-02-16T08:10:07 Start-Search: folders=3 query='HTN192N00002' mode='Filename contains' recurse=True max=200 ignore='*.log;*.bak'
2026-02-16T08:10:07 Stop-Search: requested
2026-02-16T08:10:07 Start-Search: job started id=1
2026-02-16T08:10:07 Search click handler finished normally
2026-02-16T08:11:23 Job finished. state=Completed
2026-02-16T08:21:33 Search button clicked
2026-02-16T08:21:33 Folders count: 3
2026-02-16T08:21:33 Query: 'STZ120N12402ONC'
2026-02-16T08:21:33 Settings saved. folders=3 mode='Filename contains' sub=True max=200 ignore='*.log;*.bak' lastQuery='STZ120N12402ONC'
2026-02-16T08:21:33 Mode: 'Filename contains' recurse=True max=200 ignore='*.log;*.bak'
2026-02-16T08:21:33 Start-Search: folders=3 query='STZ120N12402ONC' mode='Filename contains' recurse=True max=200 ignore='*.log;*.bak'
2026-02-16T08:21:33 Stop-Search: requested
2026-02-16T08:21:33 Start-Search: job started id=3
2026-02-16T08:21:33 Search click handler finished normally
2026-02-16T08:22:38 Job finished. state=Completed
2026-02-16T08:55:12 Search button clicked
2026-02-16T08:55:12 Folders count: 3
2026-02-16T08:55:12 Query: 'IDB060G12242'
2026-02-16T08:55:12 Settings saved. folders=3 mode='Filename contains' sub=True max=200 ignore='*.log;*.bak' lastQuery='IDB060G12242'
2026-02-16T08:55:12 Mode: 'Filename contains' recurse=True max=200 ignore='*.log;*.bak'
2026-02-16T08:55:12 Start-Search: folders=3 query='IDB060G12242' mode='Filename contains' recurse=True max=200 ignore='*.log;*.bak'
2026-02-16T08:55:12 Stop-Search: requested
2026-02-16T08:55:12 Start-Search: job started id=5
2026-02-16T08:55:12 Search click handler finished normally
2026-02-16T08:56:21 Job finished. state=Completed
2026-02-16T08:56:41 Settings saved. folders=4 mode='Filename contains' sub=True max=200 ignore='*.log;*.bak' lastQuery='IDB060G12242'
2026-02-16T08:56:44 Search button clicked
2026-02-16T08:56:44 Folders count: 4
2026-02-16T08:56:44 Query: 'IDB060G12242'
2026-02-16T08:56:44 Settings saved. folders=4 mode='Filename contains' sub=True max=200 ignore='*.log;*.bak' lastQuery='IDB060G12242'
2026-02-16T08:56:44 Mode: 'Filename contains' recurse=True max=200 ignore='*.log;*.bak'
2026-02-16T08:56:44 Start-Search: folders=4 query='IDB060G12242' mode='Filename contains' recurse=True max=200 ignore='*.log;*.bak'
2026-02-16T08:56:44 Stop-Search: requested
2026-02-16T08:56:44 Start-Search: job started id=7
2026-02-16T08:56:44 Search click handler finished normally
2026-02-16T09:04:57 SORT ERROR: A parameter cannot be found that matches parameter name 'Stable'.
2026-02-16T09:08:16 SCRIPT START (v1.4)
2026-02-16T09:08:16 TRAP: SplitterDistance must be between Panel1MinSize and Width - Panel2MinSize.
at <ScriptBlock>, C:\Scripts\PartFinder\v1.4\Part-Finder.ps1: line 176
at <ScriptBlock>, C:\Scripts\PartFinder\run-latest.ps1: line 34
2026-02-16T09:08:16 Showing UI
2026-02-16T09:08:20 Settings saved. folders=3 mode='Filename contains' sub=True max=200 ignore='*.log;*.bak' lastQuery='IDB060G12242'
2026-02-16T09:08:55 Search button clicked
2026-02-16T09:08:55 Folders count: 3
2026-02-16T09:08:55 Query: 'IDB096G12252'
2026-02-16T09:08:55 Settings saved. folders=3 mode='Filename contains' sub=True max=200 ignore='*.log;*.bak' lastQuery='IDB096G12252'
2026-02-16T09:08:55 Mode: 'Filename contains' recurse=True max=200 ignore='*.log;*.bak'
2026-02-16T09:08:55 Start-Search: folders=3 query='IDB096G12252' mode='Filename contains' recurse=True max=200 ignore='*.log;*.bak'
2026-02-16T09:08:55 Stop-Search: requested
2026-02-16T09:08:55 Start-Search: job started id=1
2026-02-16T09:08:55 Search click handler finished normally
2026-02-16T09:10:43 Stop-Search: requested
2026-02-16T09:22:25 Stop-Search: requested
2026-02-16T10:22:30 Stop-Search: requested
2026-02-16T10:22:30 Settings saved. folders=4 mode='Filename contains' sub=True max=200 ignore='*.log;*.bak' lastQuery='IDB060G12242'
2026-02-16T10:22:30 FORM CLOSING
2026-02-16T10:22:30 SCRIPT END
2026-02-16T10:22:36 Search button clicked
2026-02-16T10:22:36 Folders count: 3
2026-02-16T10:22:36 Query: 'IDB120G12252'
2026-02-16T10:22:36 Settings saved. folders=3 mode='Filename contains' sub=True max=200 ignore='*.log;*.bak' lastQuery='IDB120G12252'
2026-02-16T10:22:36 Mode: 'Filename contains' recurse=True max=200 ignore='*.log;*.bak'
2026-02-16T10:22:36 Start-Search: folders=3 query='IDB120G12252' mode='Filename contains' recurse=True max=200 ignore='*.log;*.bak'
2026-02-16T10:22:36 Stop-Search: requested
2026-02-16T10:22:36 Start-Search: job started id=3
2026-02-16T10:22:36 Search click handler finished normally
2026-02-16T10:24:34 Stop-Search: requested
2026-02-16T10:26:17 Stop-Search: requested
2026-02-16T10:26:17 Settings saved. folders=3 mode='Filename contains' sub=True max=200 ignore='*.log;*.bak' lastQuery='IDB120G12252'
2026-02-16T10:26:17 FORM CLOSING
2026-02-16T10:26:17 SCRIPT END
2026-02-17T07:33:36 SCRIPT START (v1.4)
2026-02-17T07:33:36 TRAP: SplitterDistance must be between Panel1MinSize and Width - Panel2MinSize.
at <ScriptBlock>, C:\Scripts\PartFinder\v1.4\Part-Finder.ps1: line 176
at <ScriptBlock>, C:\Scripts\PartFinder\run-latest.ps1: line 34
2026-02-17T07:33:36 Showing UI
2026-02-17T07:33:57 Search button clicked
2026-02-17T07:33:57 Folders count: 3
2026-02-17T07:33:57 Query: 'HT08-303365-2'
2026-02-17T07:33:57 Settings saved. folders=3 mode='Filename contains' sub=True max=200 ignore='*.log;*.bak' lastQuery='HT08-303365-2'
2026-02-17T07:33:57 Mode: 'Filename contains' recurse=True max=200 ignore='*.log;*.bak'
2026-02-17T07:33:57 Start-Search: folders=3 query='HT08-303365-2' mode='Filename contains' recurse=True max=200 ignore='*.log;*.bak'
2026-02-17T07:33:57 Stop-Search: requested
2026-02-17T07:33:57 Start-Search: job started id=1
2026-02-17T07:33:57 Search click handler finished normally
2026-02-17T07:35:05 Job finished. state=Completed
2026-02-17T07:43:05 Search button clicked
2026-02-17T07:43:05 Folders count: 3
2026-02-17T07:43:05 Query: 'HT10-303366-2'
2026-02-17T07:43:05 Settings saved. folders=3 mode='Filename contains' sub=True max=200 ignore='*.log;*.bak' lastQuery='HT10-303366-2'
2026-02-17T07:43:05 Mode: 'Filename contains' recurse=True max=200 ignore='*.log;*.bak'
2026-02-17T07:43:05 Start-Search: folders=3 query='HT10-303366-2' mode='Filename contains' recurse=True max=200 ignore='*.log;*.bak'
2026-02-17T07:43:05 Stop-Search: requested
2026-02-17T07:43:05 Start-Search: job started id=3
2026-02-17T07:43:05 Search click handler finished normally
2026-02-17T07:44:08 Job finished. state=Completed
2026-02-17T07:48:17 Search button clicked
2026-02-17T07:48:17 Folders count: 3
2026-02-17T07:48:17 Query: 'ID10-095397-2'
2026-02-17T07:48:17 Settings saved. folders=3 mode='Filename contains' sub=True max=200 ignore='*.log;*.bak' lastQuery='ID10-095397-2'
2026-02-17T07:48:17 Mode: 'Filename contains' recurse=True max=200 ignore='*.log;*.bak'
2026-02-17T07:48:17 Start-Search: folders=3 query='ID10-095397-2' mode='Filename contains' recurse=True max=200 ignore='*.log;*.bak'
2026-02-17T07:48:17 Stop-Search: requested
2026-02-17T07:48:18 Start-Search: job started id=5
2026-02-17T07:48:18 Search click handler finished normally
2026-02-17T07:49:21 Job finished. state=Completed
2026-02-17T08:00:02 Stop-Search: requested
2026-02-17T08:00:02 Settings saved. folders=3 mode='Filename contains' sub=True max=200 ignore='*.log;*.bak' lastQuery='ID10-095397-2'
2026-02-17T08:00:02 FORM CLOSING
2026-02-17T08:00:02 SCRIPT END
2026-02-17T11:05:10 SCRIPT START (v1.4)
2026-02-17T11:05:10 TRAP: SplitterDistance must be between Panel1MinSize and Width - Panel2MinSize.
at <ScriptBlock>, C:\Scripts\PartFinder\v1.4\Part-Finder.ps1: line 176
at <ScriptBlock>, C:\Scripts\PartFinder\run-latest.ps1: line 34
2026-02-17T11:05:10 Showing UI
2026-02-17T11:05:13 Search button clicked
2026-02-17T11:05:13 Folders count: 3
2026-02-17T11:05:13 Query: 'XDB144G126C2CC'
2026-02-17T11:05:13 Settings saved. folders=3 mode='Filename contains' sub=True max=200 ignore='*.log;*.bak' lastQuery='XDB144G126C2CC'
2026-02-17T11:05:13 Mode: 'Filename contains' recurse=True max=200 ignore='*.log;*.bak'
2026-02-17T11:05:13 Start-Search: folders=3 query='XDB144G126C2CC' mode='Filename contains' recurse=True max=200 ignore='*.log;*.bak'
2026-02-17T11:05:13 Stop-Search: requested
2026-02-17T11:05:14 Start-Search: job started id=1
2026-02-17T11:05:14 Search click handler finished normally
2026-02-17T11:06:20 Job finished. state=Completed
2026-02-17T11:08:11 Settings saved. folders=4 mode='Filename contains' sub=True max=200 ignore='*.log;*.bak' lastQuery='XDB144G126C2CC'
2026-02-17T11:08:17 Search button clicked
2026-02-17T11:08:17 Folders count: 4
2026-02-17T11:08:17 Query: 'XDB144G126C2CC'
2026-02-17T11:08:17 Settings saved. folders=4 mode='Filename contains' sub=True max=200 ignore='*.log;*.bak' lastQuery='XDB144G126C2CC'
2026-02-17T11:08:17 Mode: 'Filename contains' recurse=True max=200 ignore='*.log;*.bak'
2026-02-17T11:08:17 Start-Search: folders=4 query='XDB144G126C2CC' mode='Filename contains' recurse=True max=200 ignore='*.log;*.bak'
2026-02-17T11:08:17 Stop-Search: requested
2026-02-17T11:08:17 Start-Search: job started id=3
2026-02-17T11:08:17 Search click handler finished normally
2026-02-17T11:31:19 Job finished. state=Completed
2026-02-17T11:43:13 Stop-Search: requested
2026-02-17T11:43:13 Settings saved. folders=4 mode='Filename contains' sub=True max=200 ignore='*.log;*.bak' lastQuery='XDB144G126C2CC'
2026-02-17T11:43:13 FORM CLOSING
2026-02-17T11:43:13 SCRIPT END
2026-02-17T13:25:41 SCRIPT START (v1.4)
2026-02-17T13:25:41 TRAP: SplitterDistance must be between Panel1MinSize and Width - Panel2MinSize.
at <ScriptBlock>, C:\Scripts\PartFinder\v1.4\Part-Finder.ps1: line 176
at <ScriptBlock>, C:\Scripts\PartFinder\run-latest.ps1: line 34
2026-02-17T13:25:41 Showing UI
2026-02-17T13:25:46 Search button clicked
2026-02-17T13:25:46 Folders count: 4
2026-02-17T13:25:46 Query: 'XDB144G126C2CC'
2026-02-17T13:25:46 Settings saved. folders=4 mode='Filename contains' sub=True max=200 ignore='*.log;*.bak' lastQuery='XDB144G126C2CC'
2026-02-17T13:25:46 Mode: 'Filename contains' recurse=True max=200 ignore='*.log;*.bak'
2026-02-17T13:25:46 Start-Search: folders=4 query='XDB144G126C2CC' mode='Filename contains' recurse=True max=200 ignore='*.log;*.bak'
2026-02-17T13:25:46 Stop-Search: requested
2026-02-17T13:25:47 Start-Search: job started id=1
2026-02-17T13:25:47 Search click handler finished normally
2026-02-17T13:26:16 Stop-Search: requested
2026-02-17T13:26:16 Settings saved. folders=4 mode='Filename contains' sub=True max=200 ignore='*.log;*.bak' lastQuery='XDB144G126C2CC'
2026-02-17T13:26:16 FORM CLOSING
2026-02-17T13:26:16 SCRIPT END
2026-02-23T08:45:43 SCRIPT START (v1.4)
2026-02-23T08:45:43 TRAP: SplitterDistance must be between Panel1MinSize and Width - Panel2MinSize.
at <ScriptBlock>, C:\Scripts\PartFinder\v1.4\Part-Finder.ps1: line 176
at <ScriptBlock>, C:\Scripts\PartFinder\run-latest.ps1: line 34
2026-02-23T08:45:44 Showing UI
2026-02-23T08:45:46 Settings saved. folders=3 mode='Filename contains' sub=True max=200 ignore='*.log;*.bak' lastQuery='XDB144G126C2CC'
2026-02-23T08:46:12 Search button clicked
2026-02-23T08:46:12 Folders count: 3
2026-02-23T08:46:12 Query: 'HTN144N00002MCE'
2026-02-23T08:46:12 Settings saved. folders=3 mode='Filename contains' sub=True max=200 ignore='*.log;*.bak' lastQuery='HTN144N00002MCE'
2026-02-23T08:46:12 Mode: 'Filename contains' recurse=True max=200 ignore='*.log;*.bak'
2026-02-23T08:46:12 Start-Search: folders=3 query='HTN144N00002MCE' mode='Filename contains' recurse=True max=200 ignore='*.log;*.bak'
2026-02-23T08:46:12 Stop-Search: requested
2026-02-23T08:46:13 Start-Search: job started id=1
2026-02-23T08:46:13 Search click handler finished normally
2026-02-23T08:47:20 Job finished. state=Completed
2026-02-23T08:48:27 Search button clicked
2026-02-23T08:48:27 Folders count: 3
2026-02-23T08:48:27 Query: 'HTN144N00002'
2026-02-23T08:48:27 Settings saved. folders=3 mode='Filename contains' sub=True max=200 ignore='*.log;*.bak' lastQuery='HTN144N00002'
2026-02-23T08:48:27 Mode: 'Filename contains' recurse=True max=200 ignore='*.log;*.bak'
2026-02-23T08:48:27 Start-Search: folders=3 query='HTN144N00002' mode='Filename contains' recurse=True max=200 ignore='*.log;*.bak'
2026-02-23T08:48:27 Stop-Search: requested
2026-02-23T08:48:27 Start-Search: job started id=3
2026-02-23T08:48:27 Search click handler finished normally
2026-02-23T08:49:24 Job finished. state=Completed
2026-02-23T09:16:30 Search button clicked
2026-02-23T09:16:30 Folders count: 3
2026-02-23T09:16:30 Query: 'BTX30'
2026-02-23T09:16:30 Settings saved. folders=3 mode='Filename contains' sub=True max=200 ignore='*.log;*.bak' lastQuery='BTX30'
2026-02-23T09:16:30 Mode: 'Filename contains' recurse=True max=200 ignore='*.log;*.bak'
2026-02-23T09:16:30 Start-Search: folders=3 query='BTX30' mode='Filename contains' recurse=True max=200 ignore='*.log;*.bak'
2026-02-23T09:16:30 Stop-Search: requested
2026-02-23T09:16:30 Start-Search: job started id=5
2026-02-23T09:16:30 Search click handler finished normally
2026-02-23T09:17:41 Job finished. state=Completed
2026-02-23T09:31:39 Stop-Search: requested
2026-02-23T09:31:39 Settings saved. folders=3 mode='Filename contains' sub=True max=200 ignore='*.log;*.bak' lastQuery='BTX30'
2026-02-23T09:31:39 FORM CLOSING
2026-02-23T09:31:39 SCRIPT END
2026-02-23T10:23:10 SCRIPT START (v1.4)
2026-02-23T10:23:10 TRAP: SplitterDistance must be between Panel1MinSize and Width - Panel2MinSize.
at <ScriptBlock>, C:\Scripts\PartFinder\v1.4\Part-Finder.ps1: line 176
at <ScriptBlock>, C:\Scripts\PartFinder\run-latest.ps1: line 34
2026-02-23T10:23:10 Showing UI
2026-02-23T10:23:16 Search button clicked
2026-02-23T10:23:16 Folders count: 3
2026-02-23T10:23:16 Query: 'slide'
2026-02-23T10:23:17 Settings saved. folders=3 mode='Filename contains' sub=True max=200 ignore='*.log;*.bak' lastQuery='slide'
2026-02-23T10:23:17 Mode: 'Filename contains' recurse=True max=200 ignore='*.log;*.bak'
2026-02-23T10:23:17 Start-Search: folders=3 query='slide' mode='Filename contains' recurse=True max=200 ignore='*.log;*.bak'
2026-02-23T10:23:17 Stop-Search: requested
2026-02-23T10:23:17 Start-Search: job started id=1
2026-02-23T10:23:17 Search click handler finished normally
2026-02-23T10:24:25 Job finished. state=Completed
2026-02-23T10:25:59 Stop-Search: requested
2026-02-23T10:25:59 Settings saved. folders=3 mode='Filename contains' sub=True max=200 ignore='*.log;*.bak' lastQuery='slide'
2026-02-23T10:25:59 FORM CLOSING
2026-02-23T10:25:59 SCRIPT END
