2026-02-23T10:39:08 SCRIPT START (v1.6)
2026-02-23T10:39:08 TRAP: SplitterDistance must be between Panel1MinSize and Width - Panel2MinSize.
at <ScriptBlock>, C:\Scripts\PartFinder\v1.6\Part-Finder.ps1: line 233
at <ScriptBlock>, C:\Scripts\PartFinder\run-latest.ps1: line 34
2026-02-23T10:39:08 TRAP: Multi-selection is not supported on CheckedListBox.
at <ScriptBlock>, C:\Scripts\PartFinder\v1.6\Part-Finder.ps1: line 260
at <ScriptBlock>, C:\Scripts\PartFinder\run-latest.ps1: line 34
2026-02-23T10:39:08 Showing UI
2026-02-23T10:39:23 Settings saved. folders=3 mode='Filename contains' sub=True max=200 ignore='*.log;*.bak' lastQuery='HAB*B1230'
2026-02-23T10:39:23 Settings saved. folders=3 mode='Filename contains' sub=True max=200 ignore='*.log;*.bak' lastQuery='HAB*B1230'
2026-02-23T10:39:23 Settings saved. folders=3 mode='Filename contains' sub=True max=200 ignore='*.log;*.bak' lastQuery='HAB*B1230'
2026-02-23T10:39:33 Settings saved. folders=0 mode='Filename contains' sub=True max=200 ignore='*.log;*.bak' lastQuery='HAB*B1230'
2026-02-23T10:40:03 Settings saved. folders=1 mode='Filename contains' sub=True max=200 ignore='*.log;*.bak' lastQuery='HAB*B1230'
2026-02-23T10:40:03 Settings saved. folders=1 mode='Filename contains' sub=True max=200 ignore='*.log;*.bak' lastQuery='HAB*B1230'
2026-02-23T10:40:27 Settings saved. folders=2 mode='Filename contains' sub=True max=200 ignore='*.log;*.bak' lastQuery='HAB*B1230'
2026-02-23T10:40:27 Settings saved. folders=2 mode='Filename contains' sub=True max=200 ignore='*.log;*.bak' lastQuery='HAB*B1230'
2026-02-23T10:40:34 Settings saved. folders=0 mode='Filename contains' sub=True max=200 ignore='*.log;*.bak' lastQuery='HAB*B1230'
2026-02-23T10:40:59 Settings saved. folders=1 mode='Filename contains' sub=True max=200 ignore='*.log;*.bak' lastQuery='HAB*B1230'
2026-02-23T10:40:59 Settings saved. folders=1 mode='Filename contains' sub=True max=200 ignore='*.log;*.bak' lastQuery='HAB*B1230'
2026-02-23T10:41:13 Settings saved. folders=2 mode='Filename contains' sub=True max=200 ignore='*.log;*.bak' lastQuery='HAB*B1230'
2026-02-23T10:41:13 Settings saved. folders=2 mode='Filename contains' sub=True max=200 ignore='*.log;*.bak' lastQuery='HAB*B1230'
2026-02-23T10:41:27 Settings saved. folders=3 mode='Filename contains' sub=True max=200 ignore='*.log;*.bak' lastQuery='HAB*B1230'
2026-02-23T10:41:27 Settings saved. folders=3 mode='Filename contains' sub=True max=200 ignore='*.log;*.bak' lastQuery='HAB*B1230'
2026-02-23T10:41:29 Search button clicked
2026-02-23T10:41:29 Folders count: 3
2026-02-23T10:41:29 Query: 'HAB*B1230'
2026-02-23T10:41:29 Settings saved. folders=3 mode='Filename contains' sub=True max=200 ignore='*.log;*.bak' lastQuery='HAB*B1230'
2026-02-23T10:41:29 Mode: 'Filename contains' recurse=True max=200 ignore='*.log;*.bak'
2026-02-23T10:41:29 Start-Search: folders=3 query='HAB*B1230' mode='Filename contains' recurse=True max=200 ignore='*.log;*.bak'
2026-02-23T10:41:29 Stop-Search: requested
2026-02-23T10:41:29 Start-Search: job started id=1
2026-02-23T10:41:29 Search click handler finished normally
2026-02-23T10:41:33 Stop-Search: requested
2026-02-23T10:41:34 Stop-Search: requested
2026-02-23T10:41:34 Settings saved. folders=3 mode='Filename contains' sub=True max=200 ignore='*.log;*.bak' lastQuery='HAB*B1230'
2026-02-23T10:41:34 FORM CLOSING
2026-02-23T10:41:34 Save window settings error: Exception setting "window": "The property 'window' cannot be found on this object. Verify that the property exists and can be set."
2026-02-23T10:41:34 SCRIPT END
2026-02-23T10:41:37 SCRIPT START (v1.6)
2026-02-23T10:41:37 TRAP: SplitterDistance must be between Panel1MinSize and Width - Panel2MinSize.
at <ScriptBlock>, C:\Scripts\PartFinder\v1.6\Part-Finder.ps1: line 233
at <ScriptBlock>, C:\Scripts\PartFinder\run-latest.ps1: line 34
2026-02-23T10:41:37 TRAP: Multi-selection is not supported on CheckedListBox.
at <ScriptBlock>, C:\Scripts\PartFinder\v1.6\Part-Finder.ps1: line 260
at <ScriptBlock>, C:\Scripts\PartFinder\run-latest.ps1: line 34
2026-02-23T10:41:37 Showing UI
2026-02-23T10:42:58 Search button clicked
2026-02-23T10:42:58 Folders count: 3
2026-02-23T10:42:58 Query: 'HAB*B1230'
2026-02-23T10:42:58 Settings saved. folders=3 mode='Filename contains' sub=True max=200 ignore='*.log;*.bak' lastQuery='HAB*B1230'
2026-02-23T10:42:58 Mode: 'Filename contains' recurse=True max=200 ignore='*.log;*.bak'
2026-02-23T10:42:58 Start-Search: folders=3 query='HAB*B1230' mode='Filename contains' recurse=True max=200 ignore='*.log;*.bak'
2026-02-23T10:42:58 Stop-Search: requested
2026-02-23T10:42:58 Start-Search: job started id=1
2026-02-23T10:42:58 Search click handler finished normally
2026-02-23T10:42:58 Job finished. state=Completed
2026-02-23T10:43:00 Search button clicked
2026-02-23T10:43:00 Folders count: 3
2026-02-23T10:43:00 Query: 'HAB*B1230'
2026-02-23T10:43:00 Settings saved. folders=3 mode='Filename contains' sub=True max=200 ignore='*.log;*.bak' lastQuery='HAB*B1230'
2026-02-23T10:43:00 Mode: 'Filename contains' recurse=True max=200 ignore='*.log;*.bak'
2026-02-23T10:43:00 Start-Search: folders=3 query='HAB*B1230' mode='Filename contains' recurse=True max=200 ignore='*.log;*.bak'
2026-02-23T10:43:00 Stop-Search: requested
2026-02-23T10:43:00 Start-Search: job started id=3
2026-02-23T10:43:00 Search click handler finished normally
2026-02-23T10:43:00 Job finished. state=Completed
2026-02-23T10:43:04 Settings saved. folders=3 mode='Filename contains' sub=True max=200 ignore='*.log;*.bak' lastQuery='HAB*B1230'
2026-02-23T10:43:05 Settings saved. folders=3 mode='Filename contains' sub=True max=200 ignore='*.log;*.bak' lastQuery='HAB*B1230'
2026-02-23T10:43:06 Search button clicked
2026-02-23T10:43:06 Folders count: 1
2026-02-23T10:43:06 Query: 'HAB*B1230'
2026-02-23T10:43:06 Settings saved. folders=3 mode='Filename contains' sub=True max=200 ignore='*.log;*.bak' lastQuery='HAB*B1230'
2026-02-23T10:43:06 Mode: 'Filename contains' recurse=True max=200 ignore='*.log;*.bak'
2026-02-23T10:43:06 Start-Search: folders=1 query='HAB*B1230' mode='Filename contains' recurse=True max=200 ignore='*.log;*.bak'
2026-02-23T10:43:06 Stop-Search: requested
2026-02-23T10:43:06 Start-Search: job started id=5
2026-02-23T10:43:06 Search click handler finished normally
2026-02-23T10:43:06 Job finished. state=Completed
2026-02-23T10:43:10 Settings saved. folders=0 mode='Filename contains' sub=True max=200 ignore='*.log;*.bak' lastQuery='HAB*B1230'
2026-02-23T10:43:23 Stop-Search: requested
2026-02-23T10:43:23 Settings saved. folders=0 mode='Filename contains' sub=True max=200 ignore='*.log;*.bak' lastQuery='HAB*B1230'
2026-02-23T10:43:23 FORM CLOSING
2026-02-23T10:43:23 Save window settings error: Exception setting "window": "The property 'window' cannot be found on this object. Verify that the property exists and can be set."
2026-02-23T10:43:23 SCRIPT END
2026-02-23T10:45:08 SCRIPT START (v1.6)
2026-02-23T10:45:08 TRAP: SplitterDistance must be between Panel1MinSize and Width - Panel2MinSize.
at <ScriptBlock>, C:\Scripts\PartFinder\v1.6\Part-Finder.ps1: line 233
at <ScriptBlock>, C:\Scripts\PartFinder\run-latest.ps1: line 34
2026-02-23T10:45:08 TRAP: Multi-selection is not supported on CheckedListBox.
at <ScriptBlock>, C:\Scripts\PartFinder\v1.6\Part-Finder.ps1: line 260
at <ScriptBlock>, C:\Scripts\PartFinder\run-latest.ps1: line 34
2026-02-23T10:45:08 Showing UI
2026-02-23T10:47:04 Stop-Search: requested
2026-02-23T10:47:04 Settings saved. folders=0 mode='Filename contains' sub=True max=200 ignore='*.log;*.bak' lastQuery=''
2026-02-23T10:47:04 FORM CLOSING
2026-02-23T10:47:04 Save window settings error: Exception setting "window": "The property 'window' cannot be found on this object. Verify that the property exists and can be set."
2026-02-23T10:47:04 SCRIPT END
2026-02-23T10:47:06 SCRIPT START (v1.6)
2026-02-23T10:47:06 TRAP: SplitterDistance must be between Panel1MinSize and Width - Panel2MinSize.
at <ScriptBlock>, C:\Scripts\PartFinder\v1.6\Part-Finder.ps1: line 249
at <ScriptBlock>, C:\Scripts\PartFinder\run-latest.ps1: line 34
2026-02-23T10:47:07 TRAP: Multi-selection is not supported on CheckedListBox.
at <ScriptBlock>, C:\Scripts\PartFinder\v1.6\Part-Finder.ps1: line 276
at <ScriptBlock>, C:\Scripts\PartFinder\run-latest.ps1: line 34
2026-02-23T10:47:07 Showing UI
2026-02-23T10:47:20 Settings saved. folders=1 mode='Filename contains' sub=True max=200 ignore='*.log;*.bak' lastQuery=''
2026-02-23T10:47:20 Settings saved. folders=1 mode='Filename contains' sub=True max=200 ignore='*.log;*.bak' lastQuery=''
2026-02-23T10:47:21 Stop-Search: requested
2026-02-23T10:47:21 Settings saved. folders=1 mode='Filename contains' sub=True max=200 ignore='*.log;*.bak' lastQuery=''
2026-02-23T10:47:21 FORM CLOSING
2026-02-23T10:47:21 Save window settings error: Exception setting "window": "The property 'window' cannot be found on this object. Verify that the property exists and can be set."
2026-02-23T10:47:22 SCRIPT END
2026-02-23T10:47:24 SCRIPT START (v1.6)
2026-02-23T10:47:24 TRAP: SplitterDistance must be between Panel1MinSize and Width - Panel2MinSize.
at <ScriptBlock>, C:\Scripts\PartFinder\v1.6\Part-Finder.ps1: line 249
at <ScriptBlock>, C:\Scripts\PartFinder\run-latest.ps1: line 34
2026-02-23T10:47:24 TRAP: Multi-selection is not supported on CheckedListBox.
at <ScriptBlock>, C:\Scripts\PartFinder\v1.6\Part-Finder.ps1: line 276
at <ScriptBlock>, C:\Scripts\PartFinder\run-latest.ps1: line 34
2026-02-23T10:47:25 Showing UI
2026-02-23T10:47:29 Search button clicked
2026-02-23T10:47:29 Folders count: 1
2026-02-23T10:47:29 Query: 'HAB'
2026-02-23T10:47:29 Settings saved. folders=1 mode='Filename contains' sub=True max=200 ignore='*.log;*.bak' lastQuery='HAB'
2026-02-23T10:47:29 Mode: 'Filename contains' recurse=True max=200 ignore='*.log;*.bak'
2026-02-23T10:47:29 Start-Search: folders=1 query='HAB' mode='Filename contains' recurse=True max=200 ignore='*.log;*.bak'
2026-02-23T10:47:29 Stop-Search: requested
2026-02-23T10:47:29 Start-Search: job started id=1
2026-02-23T10:47:29 Search click handler finished normally
2026-02-23T10:47:45 Job finished. state=Completed
2026-02-23T10:47:48 Search button clicked
2026-02-23T10:47:48 Folders count: 1
2026-02-23T10:47:48 Query: 'xhb264n12302'
2026-02-23T10:47:48 Settings saved. folders=1 mode='Filename contains' sub=True max=200 ignore='*.log;*.bak' lastQuery='xhb264n12302'
2026-02-23T10:47:48 Mode: 'Filename contains' recurse=True max=200 ignore='*.log;*.bak'
2026-02-23T10:47:48 Start-Search: folders=1 query='xhb264n12302' mode='Filename contains' recurse=True max=200 ignore='*.log;*.bak'
2026-02-23T10:47:48 Stop-Search: requested
2026-02-23T10:47:48 Start-Search: job started id=3
2026-02-23T10:47:48 Search click handler finished normally
2026-02-23T10:47:49 Job finished. state=Completed
2026-02-23T10:48:01 Settings saved. folders=2 mode='Filename contains' sub=True max=200 ignore='*.log;*.bak' lastQuery='xhb264n12302'
2026-02-23T10:48:01 Settings saved. folders=2 mode='Filename contains' sub=True max=200 ignore='*.log;*.bak' lastQuery='xhb264n12302'
2026-02-23T10:48:06 Search button clicked
2026-02-23T10:48:06 Folders count: 2
2026-02-23T10:48:06 Query: 'xhb264n12302'
2026-02-23T10:48:06 Settings saved. folders=2 mode='Filename contains' sub=True max=200 ignore='*.log;*.bak' lastQuery='xhb264n12302'
2026-02-23T10:48:06 Mode: 'Filename contains' recurse=True max=200 ignore='*.log;*.bak'
2026-02-23T10:48:06 Start-Search: folders=2 query='xhb264n12302' mode='Filename contains' recurse=True max=200 ignore='*.log;*.bak'
2026-02-23T10:48:06 Stop-Search: requested
2026-02-23T10:48:06 Start-Search: job started id=5
2026-02-23T10:48:06 Search click handler finished normally
2026-02-23T10:48:19 SORT ERROR: A parameter cannot be found that matches parameter name 'Stable'.
2026-02-23T10:48:38 Settings saved. folders=3 mode='Filename contains' sub=True max=200 ignore='*.log;*.bak' lastQuery='xhb264n12302'
2026-02-23T10:48:38 Settings saved. folders=3 mode='Filename contains' sub=True max=200 ignore='*.log;*.bak' lastQuery='xhb264n12302'
2026-02-23T10:48:41 Stop-Search: requested
2026-02-23T10:48:42 Search button clicked
2026-02-23T10:48:42 Folders count: 3
2026-02-23T10:48:42 Query: 'xhb264n12302'
2026-02-23T10:48:42 Settings saved. folders=3 mode='Filename contains' sub=True max=200 ignore='*.log;*.bak' lastQuery='xhb264n12302'
2026-02-23T10:48:42 Mode: 'Filename contains' recurse=True max=200 ignore='*.log;*.bak'
2026-02-23T10:48:42 Start-Search: folders=3 query='xhb264n12302' mode='Filename contains' recurse=True max=200 ignore='*.log;*.bak'
2026-02-23T10:48:42 Stop-Search: requested
2026-02-23T10:48:42 Start-Search: job started id=7
2026-02-23T10:48:42 Search click handler finished normally
2026-02-23T10:49:56 Job finished. state=Completed
2026-02-23T10:56:10 Settings saved. folders=3 mode='Filename contains' sub=True max=200 ignore='*.log;*.bak' lastQuery='xhb264n12302'
2026-02-23T10:56:11 Search button clicked
2026-02-23T10:56:11 Folders count: 2
2026-02-23T10:56:11 Query: 'xhb264n12302'
2026-02-23T10:56:11 Settings saved. folders=3 mode='Filename contains' sub=True max=200 ignore='*.log;*.bak' lastQuery='xhb264n12302'
2026-02-23T10:56:11 Mode: 'Filename contains' recurse=True max=200 ignore='*.log;*.bak'
2026-02-23T10:56:11 Start-Search: folders=2 query='xhb264n12302' mode='Filename contains' recurse=True max=200 ignore='*.log;*.bak'
2026-02-23T10:56:11 Stop-Search: requested
2026-02-23T10:56:12 Start-Search: job started id=9
2026-02-23T10:56:12 Search click handler finished normally
2026-02-23T10:57:05 Job finished. state=Completed
2026-02-23T10:58:32 Settings saved. folders=3 mode='Filename contains' sub=True max=200 ignore='*.log;*.bak' lastQuery='xhb264n12302'
2026-02-23T10:58:33 Settings saved. folders=3 mode='Filename contains' sub=True max=200 ignore='*.log;*.bak' lastQuery='xhb264n12302'
2026-02-23T10:58:36 Search button clicked
2026-02-23T10:58:36 Folders count: 2
2026-02-23T10:58:36 Query: 'xhb264n12302'
2026-02-23T10:58:36 Settings saved. folders=3 mode='Filename contains' sub=True max=200 ignore='*.log;*.bak' lastQuery='xhb264n12302'
2026-02-23T10:58:36 Mode: 'Filename contains' recurse=True max=200 ignore='*.log;*.bak'
2026-02-23T10:58:36 Start-Search: folders=2 query='xhb264n12302' mode='Filename contains' recurse=True max=200 ignore='*.log;*.bak'
2026-02-23T10:58:36 Stop-Search: requested
2026-02-23T10:58:36 Start-Search: job started id=11
2026-02-23T10:58:36 Search click handler finished normally
2026-02-23T10:59:14 Stop-Search: requested
2026-02-23T10:59:14 Settings saved. folders=3 mode='Filename contains' sub=True max=200 ignore='*.log;*.bak' lastQuery='xhb264n12302'
2026-02-23T10:59:16 Settings saved. folders=3 mode='Filename contains' sub=True max=200 ignore='*.log;*.bak' lastQuery='xhb264n12302'
2026-02-23T10:59:17 Search button clicked
2026-02-23T10:59:17 Folders count: 2
2026-02-23T10:59:17 Query: 'xhb264n12302'
2026-02-23T10:59:17 Settings saved. folders=3 mode='Filename contains' sub=True max=200 ignore='*.log;*.bak' lastQuery='xhb264n12302'
2026-02-23T10:59:17 Mode: 'Filename contains' recurse=True max=200 ignore='*.log;*.bak'
2026-02-23T10:59:17 Start-Search: folders=2 query='xhb264n12302' mode='Filename contains' recurse=True max=200 ignore='*.log;*.bak'
2026-02-23T10:59:17 Stop-Search: requested
2026-02-23T10:59:17 Start-Search: job started id=13
2026-02-23T10:59:17 Search click handler finished normally
2026-02-23T10:59:37 Job finished. state=Completed
2026-02-23T11:40:14 Search button clicked
2026-02-23T11:40:14 Folders count: 2
2026-02-23T11:40:14 Query: 'HAB*B1230*'
2026-02-23T11:40:14 Settings saved. folders=3 mode='Filename contains' sub=True max=200 ignore='*.log;*.bak' lastQuery='HAB*B1230*'
2026-02-23T11:40:14 Mode: 'Filename contains' recurse=True max=200 ignore='*.log;*.bak'
2026-02-23T11:40:14 Start-Search: folders=2 query='HAB*B1230*' mode='Filename contains' recurse=True max=200 ignore='*.log;*.bak'
2026-02-23T11:40:14 Stop-Search: requested
2026-02-23T11:40:14 Start-Search: job started id=15
2026-02-23T11:40:14 Search click handler finished normally
2026-02-23T11:40:18 Settings saved. folders=3 mode='Filename contains' sub=True max=200 ignore='*.log;*.bak' lastQuery='HAB*B1230*'
2026-02-23T11:40:19 Stop-Search: requested
2026-02-23T11:40:20 Search button clicked
2026-02-23T11:40:20 Folders count: 3
2026-02-23T11:40:20 Query: 'HAB*B1230*'
2026-02-23T11:40:20 Settings saved. folders=3 mode='Filename contains' sub=True max=200 ignore='*.log;*.bak' lastQuery='HAB*B1230*'
2026-02-23T11:40:20 Mode: 'Filename contains' recurse=True max=200 ignore='*.log;*.bak'
2026-02-23T11:40:20 Start-Search: folders=3 query='HAB*B1230*' mode='Filename contains' recurse=True max=200 ignore='*.log;*.bak'
2026-02-23T11:40:20 Stop-Search: requested
2026-02-23T11:40:20 Start-Search: job started id=17
2026-02-23T11:40:20 Search click handler finished normally
2026-02-23T11:41:32 Job finished. state=Completed
2026-02-23T11:41:38 Search button clicked
2026-02-23T11:41:38 Folders count: 3
2026-02-23T11:41:38 Query: 'HAB*B1230*'
2026-02-23T11:41:38 Settings saved. folders=3 mode='Wildcard (* and ?)' sub=True max=200 ignore='*.log;*.bak' lastQuery='HAB*B1230*'
2026-02-23T11:41:38 Mode: 'Wildcard (* and ?)' recurse=True max=200 ignore='*.log;*.bak'
2026-02-23T11:41:38 Start-Search: folders=3 query='HAB*B1230*' mode='Wildcard (* and ?)' recurse=True max=200 ignore='*.log;*.bak'
2026-02-23T11:41:38 Stop-Search: requested
2026-02-23T11:41:39 Start-Search: job started id=19
2026-02-23T11:41:39 Search click handler finished normally
2026-02-23T11:42:48 Job finished. state=Completed
2026-02-23T12:49:08 Search button clicked
2026-02-23T12:49:08 Folders count: 3
2026-02-23T12:49:08 Query: 'HD08-1021739-2'
2026-02-23T12:49:08 Settings saved. folders=3 mode='Filename contains' sub=True max=200 ignore='*.log;*.bak' lastQuery='HD08-1021739-2'
2026-02-23T12:49:08 Mode: 'Filename contains' recurse=True max=200 ignore='*.log;*.bak'
2026-02-23T12:49:08 Start-Search: folders=3 query='HD08-1021739-2' mode='Filename contains' recurse=True max=200 ignore='*.log;*.bak'
2026-02-23T12:49:08 Stop-Search: requested
2026-02-23T12:49:09 Start-Search: job started id=21
2026-02-23T12:49:09 Search click handler finished normally
2026-02-23T12:49:15 Settings saved. folders=3 mode='Filename contains' sub=True max=200 ignore='*.log;*.bak' lastQuery='HD08-1021739-2'
2026-02-23T12:49:16 Stop-Search: requested
2026-02-23T12:49:17 Search button clicked
2026-02-23T12:49:17 Folders count: 2
2026-02-23T12:49:17 Query: 'HD08-1021739-2'
2026-02-23T12:49:17 Settings saved. folders=3 mode='Filename contains' sub=True max=200 ignore='*.log;*.bak' lastQuery='HD08-1021739-2'
2026-02-23T12:49:17 Mode: 'Filename contains' recurse=True max=200 ignore='*.log;*.bak'
2026-02-23T12:49:17 Start-Search: folders=2 query='HD08-1021739-2' mode='Filename contains' recurse=True max=200 ignore='*.log;*.bak'
2026-02-23T12:49:17 Stop-Search: requested
2026-02-23T12:49:17 Start-Search: job started id=23
2026-02-23T12:49:17 Search click handler finished normally
2026-02-23T12:50:15 Job finished. state=Completed
2026-02-23T13:23:37 Settings saved. folders=3 mode='Filename contains' sub=True max=200 ignore='*.log;*.bak' lastQuery='HD08-1021739-2'
2026-02-23T13:23:49 Settings saved. folders=3 mode='Filename contains' sub=True max=200 ignore='*.log;*.bak' lastQuery=''
2026-02-23T13:23:49 Settings saved. folders=3 mode='Filename contains' sub=True max=200 ignore='*.log;*.bak' lastQuery=''
2026-02-23T13:23:50 Settings saved. folders=3 mode='Filename contains' sub=True max=200 ignore='*.log;*.bak' lastQuery=''
2026-02-23T13:25:03 Stop-Search: requested
2026-02-23T13:25:03 Settings saved. folders=3 mode='Filename contains' sub=True max=200 ignore='*.log;*.bak' lastQuery='HD08-1021739-2'
2026-02-23T13:25:03 FORM CLOSING
2026-02-23T13:25:03 Save window settings error: Exception setting "window": "The property 'window' cannot be found on this object. Verify that the property exists and can be set."
2026-02-23T13:25:03 SCRIPT END
