2026-02-11T19:19:27 SCRIPT START (v1.1.0)
2026-02-11T19:19:27 Showing UI
2026-02-11T19:20:08 Settings saved. folders=1 mode='Filename contains' sub=True
2026-02-11T19:20:24 Search button clicked
2026-02-11T19:20:24 Folders count: 1
2026-02-11T19:20:24 Query: 'HDB054G12242'
2026-02-11T19:20:24 Settings saved. folders=1 mode='Filename contains' sub=True
2026-02-11T19:20:24 Mode: 'Filename contains' recurse=True
2026-02-11T19:20:24 Start-Search: folders=1 query='HDB054G12242' mode='Filename contains' recurse=True
2026-02-11T19:20:24 Stop-Search: requested
2026-02-11T19:20:25 Start-Search: job started id=1
2026-02-11T19:20:25 Search click handler finished normally
2026-02-11T19:20:57 Job finished. state=Completed
2026-02-11T19:21:37 Search button clicked
2026-02-11T19:21:37 Folders count: 1
2026-02-11T19:21:37 Query: 'HDB054G12242.dwg'
2026-02-11T19:21:37 Settings saved. folders=1 mode='Filename contains' sub=True
2026-02-11T19:21:37 Mode: 'Filename contains' recurse=True
2026-02-11T19:21:37 Start-Search: folders=1 query='HDB054G12242.dwg' mode='Filename contains' recurse=True
2026-02-11T19:21:37 Stop-Search: requested
2026-02-11T19:21:38 Start-Search: job started id=3
2026-02-11T19:21:38 Search click handler finished normally
2026-02-11T19:21:45 Job finished. state=Completed
2026-02-11T19:27:47 Search button clicked
2026-02-11T19:27:47 Folders count: 1
2026-02-11T19:27:47 Query: 'HDB054G12242'
2026-02-11T19:27:47 Settings saved. folders=1 mode='Filename contains' sub=True
2026-02-11T19:27:47 Mode: 'Filename contains' recurse=True
2026-02-11T19:27:47 Start-Search: folders=1 query='HDB054G12242' mode='Filename contains' recurse=True
2026-02-11T19:27:47 Stop-Search: requested
2026-02-11T19:27:47 Start-Search: job started id=5
2026-02-11T19:27:47 Search click handler finished normally
2026-02-11T19:28:17 Job finished. state=Completed
2026-02-11T19:33:46 Stop-Search: requested
2026-02-11T19:33:46 Settings saved. folders=1 mode='Filename contains' sub=True
2026-02-11T19:33:46 FORM CLOSING
2026-02-11T19:33:47 SCRIPT END
2026-02-11T19:39:42 SCRIPT START (v1.1.0)
2026-02-11T19:39:42 Showing UI
2026-02-11T19:39:44 Stop-Search: requested
2026-02-11T19:39:44 Settings saved. folders=1 mode='Filename contains' sub=True
2026-02-11T19:39:44 FORM CLOSING
2026-02-11T19:39:44 SCRIPT END
2026-02-11T19:41:53 SCRIPT START (v1.1.0)
2026-02-11T19:41:54 Showing UI
2026-02-11T19:41:56 Stop-Search: requested
2026-02-11T19:41:56 Settings saved. folders=1 mode='Filename contains' sub=True
2026-02-11T19:41:56 FORM CLOSING
2026-02-11T19:41:57 SCRIPT END
2026-02-11T19:42:38 SCRIPT START (v1.2.0)
2026-02-11T19:42:38 Showing UI
2026-02-11T19:43:13 Search button clicked
2026-02-11T19:43:13 Folders count: 1
2026-02-11T19:43:13 Query: 'HDB054G12242'
2026-02-11T19:43:13 Settings saved. folders=1 mode='Filename contains' sub=True max=200 ignore=''
2026-02-11T19:43:13 Mode: 'Filename contains' recurse=True max=200 ignore=''
2026-02-11T19:43:13 Start-Search: folders=1 query='HDB054G12242' mode='Filename contains' recurse=True max=200 ignore=''
2026-02-11T19:43:13 Stop-Search: requested
2026-02-11T19:43:13 Start-Search: job started id=1
2026-02-11T19:43:13 Search click handler finished normally
2026-02-11T19:43:23 Stop-Search: requested
2026-02-11T19:43:28 Search button clicked
2026-02-11T19:43:28 Folders count: 1
2026-02-11T19:43:28 Query: 'HDB054G12242'
2026-02-11T19:43:28 Settings saved. folders=1 mode='Filename contains' sub=True max=200 ignore='.log'
2026-02-11T19:43:28 Mode: 'Filename contains' recurse=True max=200 ignore='.log'
2026-02-11T19:43:28 Start-Search: folders=1 query='HDB054G12242' mode='Filename contains' recurse=True max=200 ignore='.log'
2026-02-11T19:43:28 Stop-Search: requested
2026-02-11T19:43:29 Start-Search: job started id=3
2026-02-11T19:43:29 Search click handler finished normally
2026-02-11T19:43:32 Stop-Search: requested
2026-02-11T19:43:38 Search button clicked
2026-02-11T19:43:38 Folders count: 1
2026-02-11T19:43:38 Query: 'HDB054G12242'
2026-02-11T19:43:38 Settings saved. folders=1 mode='Filename contains' sub=True max=200 ignore='".log"'
2026-02-11T19:43:38 Mode: 'Filename contains' recurse=True max=200 ignore='".log"'
2026-02-11T19:43:38 Start-Search: folders=1 query='HDB054G12242' mode='Filename contains' recurse=True max=200 ignore='".log"'
2026-02-11T19:43:38 Stop-Search: requested
2026-02-11T19:43:39 Start-Search: job started id=5
2026-02-11T19:43:39 Search click handler finished normally
2026-02-11T19:43:57 Job finished. state=Completed
2026-02-11T19:44:01 Search button clicked
2026-02-11T19:44:01 Folders count: 1
2026-02-11T19:44:01 Query: 'HDB054G12242'
2026-02-11T19:44:01 Settings saved. folders=1 mode='Filename contains' sub=True max=200 ignore='*.log'
2026-02-11T19:44:01 Mode: 'Filename contains' recurse=True max=200 ignore='*.log'
2026-02-11T19:44:01 Start-Search: folders=1 query='HDB054G12242' mode='Filename contains' recurse=True max=200 ignore='*.log'
2026-02-11T19:44:01 Stop-Search: requested
2026-02-11T19:44:01 Start-Search: job started id=7
2026-02-11T19:44:01 Search click handler finished normally
2026-02-11T19:44:03 Job finished. state=Completed
2026-02-11T19:44:26 Search button clicked
2026-02-11T19:44:26 Folders count: 1
2026-02-11T19:44:26 Query: 'HDB054G12242'
2026-02-11T19:44:26 Settings saved. folders=1 mode='Filename contains' sub=True max=200 ignore='*.log;*.bak'
2026-02-11T19:44:26 Mode: 'Filename contains' recurse=True max=200 ignore='*.log;*.bak'
2026-02-11T19:44:26 Start-Search: folders=1 query='HDB054G12242' mode='Filename contains' recurse=True max=200 ignore='*.log;*.bak'
2026-02-11T19:44:26 Stop-Search: requested
2026-02-11T19:44:26 Start-Search: job started id=9
2026-02-11T19:44:26 Search click handler finished normally
2026-02-11T19:44:27 Job finished. state=Completed
2026-02-11T19:44:41 Search button clicked
2026-02-11T19:44:41 Folders count: 1
2026-02-11T19:44:41 Query: 'HDB054G12242'
2026-02-11T19:44:41 Settings saved. folders=1 mode='Filename contains' sub=True max=200 ignore='*.log'
2026-02-11T19:44:41 Mode: 'Filename contains' recurse=True max=200 ignore='*.log'
2026-02-11T19:44:41 Start-Search: folders=1 query='HDB054G12242' mode='Filename contains' recurse=True max=200 ignore='*.log'
2026-02-11T19:44:41 Stop-Search: requested
2026-02-11T19:44:41 Start-Search: job started id=11
2026-02-11T19:44:41 Search click handler finished normally
2026-02-11T19:44:43 Job finished. state=Completed
2026-02-11T19:44:45 Search button clicked
2026-02-11T19:44:45 Folders count: 1
2026-02-11T19:44:45 Query: 'HDB054G12242'
2026-02-11T19:44:45 Settings saved. folders=1 mode='Filename contains' sub=True max=200 ignore='*.log;'
2026-02-11T19:44:45 Mode: 'Filename contains' recurse=True max=200 ignore='*.log;'
2026-02-11T19:44:45 Start-Search: folders=1 query='HDB054G12242' mode='Filename contains' recurse=True max=200 ignore='*.log;'
2026-02-11T19:44:45 Stop-Search: requested
2026-02-11T19:44:45 Start-Search: job started id=13
2026-02-11T19:44:45 Search click handler finished normally
2026-02-11T19:44:46 Job finished. state=Completed
2026-02-11T19:44:52 Search button clicked
2026-02-11T19:44:52 Folders count: 1
2026-02-11T19:44:52 Query: 'HDB054G12242'
2026-02-11T19:44:52 Settings saved. folders=1 mode='Filename contains' sub=True max=200 ignore='*.log;*'
2026-02-11T19:44:52 Mode: 'Filename contains' recurse=True max=200 ignore='*.log;*'
2026-02-11T19:44:52 Start-Search: folders=1 query='HDB054G12242' mode='Filename contains' recurse=True max=200 ignore='*.log;*'
2026-02-11T19:44:52 Stop-Search: requested
2026-02-11T19:44:52 Start-Search: job started id=15
2026-02-11T19:44:52 Search click handler finished normally
2026-02-11T19:44:53 Job finished. state=Completed
2026-02-11T19:44:57 Search button clicked
2026-02-11T19:44:57 Folders count: 1
2026-02-11T19:44:57 Query: 'HDB054G12242'
2026-02-11T19:44:57 Settings saved. folders=1 mode='Filename contains' sub=True max=200 ignore='*.log;*.bak'
2026-02-11T19:44:57 Mode: 'Filename contains' recurse=True max=200 ignore='*.log;*.bak'
2026-02-11T19:44:57 Start-Search: folders=1 query='HDB054G12242' mode='Filename contains' recurse=True max=200 ignore='*.log;*.bak'
2026-02-11T19:44:57 Stop-Search: requested
2026-02-11T19:44:58 Start-Search: job started id=17
2026-02-11T19:44:58 Search click handler finished normally
2026-02-11T19:44:59 Job finished. state=Completed
2026-02-11T19:45:19 Stop-Search: requested
2026-02-11T19:45:19 Settings saved. folders=1 mode='Filename contains' sub=True max=200 ignore='*.log;*.bak'
2026-02-11T19:45:19 FORM CLOSING
2026-02-11T19:45:19 SCRIPT END
2026-02-11T19:45:28 SCRIPT START (v1.2.0)
2026-02-11T19:45:28 Showing UI
2026-02-11T19:47:10 Search button clicked
2026-02-11T19:47:10 Folders count: 1
2026-02-11T19:47:10 Query: 'HDB096G12242'
2026-02-11T19:47:10 Settings saved. folders=1 mode='Filename contains' sub=True max=200 ignore='*.log;*.bak'
2026-02-11T19:47:10 Mode: 'Filename contains' recurse=True max=200 ignore='*.log;*.bak'
2026-02-11T19:47:10 Start-Search: folders=1 query='HDB096G12242' mode='Filename contains' recurse=True max=200 ignore='*.log;*.bak'
2026-02-11T19:47:10 Stop-Search: requested
2026-02-11T19:47:10 Start-Search: job started id=1
2026-02-11T19:47:10 Search click handler finished normally
2026-02-11T19:47:11 Job finished. state=Completed
2026-02-11T19:47:22 Search button clicked
2026-02-11T19:47:22 Folders count: 1
2026-02-11T19:47:22 Query: 'HDB096G12242'
2026-02-11T19:47:22 Settings saved. folders=1 mode='Filename contains' sub=True max=200 ignore=''
2026-02-11T19:47:22 Mode: 'Filename contains' recurse=True max=200 ignore=''
2026-02-11T19:47:22 Start-Search: folders=1 query='HDB096G12242' mode='Filename contains' recurse=True max=200 ignore=''
2026-02-11T19:47:22 Stop-Search: requested
2026-02-11T19:47:23 Start-Search: job started id=3
2026-02-11T19:47:23 Search click handler finished normally
2026-02-11T19:47:24 Job finished. state=Completed
2026-02-11T19:47:29 Search button clicked
2026-02-11T19:47:29 Folders count: 1
2026-02-11T19:47:29 Query: 'HDB096G12242'
2026-02-11T19:47:29 Settings saved. folders=1 mode='Filename contains' sub=True max=200 ignore='*.log;*.bak'
2026-02-11T19:47:29 Mode: 'Filename contains' recurse=True max=200 ignore='*.log;*.bak'
2026-02-11T19:47:29 Start-Search: folders=1 query='HDB096G12242' mode='Filename contains' recurse=True max=200 ignore='*.log;*.bak'
2026-02-11T19:47:29 Stop-Search: requested
2026-02-11T19:47:30 Start-Search: job started id=5
2026-02-11T19:47:30 Search click handler finished normally
2026-02-11T19:47:31 Job finished. state=Completed
2026-02-11T20:00:12 Settings saved. folders=2 mode='Filename contains' sub=True max=200 ignore='*.log;*.bak'
2026-02-11T20:00:17 Search button clicked
2026-02-11T20:00:17 Folders count: 2
2026-02-11T20:00:17 Query: 'HDB096G12242'
2026-02-11T20:00:17 Settings saved. folders=2 mode='Filename contains' sub=True max=200 ignore='*.log;*.bak'
2026-02-11T20:00:17 Mode: 'Filename contains' recurse=True max=200 ignore='*.log;*.bak'
2026-02-11T20:00:17 Start-Search: folders=2 query='HDB096G12242' mode='Filename contains' recurse=True max=200 ignore='*.log;*.bak'
2026-02-11T20:00:17 Stop-Search: requested
2026-02-11T20:00:17 Start-Search: job started id=7
2026-02-11T20:00:17 Search click handler finished normally
2026-02-11T20:02:05 Job finished. state=Completed
2026-02-11T20:02:17 Stop-Search: requested
2026-02-11T20:02:17 Settings saved. folders=2 mode='Filename contains' sub=True max=200 ignore='*.log;*.bak'
2026-02-11T20:02:17 FORM CLOSING
2026-02-11T20:02:17 SCRIPT END
2026-02-11T20:02:24 SCRIPT START (v1.2.1)
2026-02-11T20:02:24 Showing UI
2026-02-11T20:02:34 Search button clicked
2026-02-11T20:02:34 Folders count: 2
2026-02-11T20:02:34 Query: 'HDB096G12242'
2026-02-11T20:02:34 Mode: 'Filename contains' recurse=True max=200 ignore='*.log;*.bak'
2026-02-11T20:02:34 Settings saved. folders=2 mode='Filename contains' sub=True max=200 ignore='*.log;*.bak' lastQuery='HDB096G12242'
2026-02-11T20:02:34 Start-Search: folders=2 query='HDB096G12242' mode='Filename contains' recurse=True max=200 ignore='*.log;*.bak'
2026-02-11T20:02:34 Stop-Search: requested
2026-02-11T20:02:34 Start-Search: job started id=1
2026-02-11T20:02:34 Search click handler finished normally
2026-02-11T20:04:26 Job finished. state=Completed
2026-02-11T20:14:57 Stop-Search: requested
2026-02-11T20:14:57 Settings saved. folders=2 mode='Filename contains' sub=True max=200 ignore='*.log;*.bak' lastQuery='HDB096G12242'
2026-02-11T20:14:57 FORM CLOSING
2026-02-11T20:14:58 SCRIPT END
2026-02-11T20:16:04 SCRIPT START (v1.2.2)
2026-02-11T20:16:05 Showing UI
2026-02-11T20:16:12 Search button clicked
2026-02-11T20:16:12 Folders count: 2
2026-02-11T20:16:12 Query: 'HDB096G12242'
2026-02-11T20:16:12 Settings saved. folders=2 mode='Filename contains' sub=True max=200 ignore='*.log;*.bak' last='HDB096G12242'
2026-02-11T20:16:12 Mode: 'Filename contains' recurse=True max=200 ignore=*.log;*.bak
2026-02-11T20:16:12 Start-Search: folders=2 query='HDB096G12242' mode='Filename contains' recurse=True max=200 ignore=*.log;*.bak
2026-02-11T20:16:12 Stop-Search: requested
2026-02-11T20:16:13 Start-Search: job started id=1
2026-02-11T20:16:13 Search click handler finished normally
2026-02-11T20:17:01 Stop-Search: requested
2026-02-11T20:17:02 Search button clicked
2026-02-11T20:17:02 Folders count: 2
2026-02-11T20:17:02 Query: '"HDB096G12242"'
2026-02-11T20:17:02 Settings saved. folders=2 mode='Filename contains' sub=True max=200 ignore='*.log;*.bak' last='"HDB096G12242"'
2026-02-11T20:17:02 Mode: 'Filename contains' recurse=True max=200 ignore=*.log;*.bak
2026-02-11T20:17:02 Start-Search: folders=2 query='"HDB096G12242"' mode='Filename contains' recurse=True max=200 ignore=*.log;*.bak
2026-02-11T20:17:02 Stop-Search: requested
2026-02-11T20:17:03 Start-Search: job started id=3
2026-02-11T20:17:03 Search click handler finished normally
2026-02-11T20:17:19 Stop-Search: requested
2026-02-11T20:17:20 Search button clicked
2026-02-11T20:17:20 Folders count: 2
2026-02-11T20:17:20 Query: '"HDB096G12242"'
2026-02-11T20:17:20 Settings saved. folders=2 mode='Filename ends with' sub=True max=200 ignore='*.log;*.bak' last='"HDB096G12242"'
2026-02-11T20:17:20 Mode: 'Filename ends with' recurse=True max=200 ignore=*.log;*.bak
2026-02-11T20:17:20 Start-Search: folders=2 query='"HDB096G12242"' mode='Filename ends with' recurse=True max=200 ignore=*.log;*.bak
2026-02-11T20:17:20 Stop-Search: requested
2026-02-11T20:17:20 Start-Search: job started id=5
2026-02-11T20:17:20 Search click handler finished normally
2026-02-11T20:17:29 Stop-Search: requested
2026-02-11T20:17:30 Search button clicked
2026-02-11T20:17:30 Folders count: 2
2026-02-11T20:17:30 Query: '"HDB096G12242"'
2026-02-11T20:17:30 Settings saved. folders=2 mode='Filename contains' sub=True max=200 ignore='*.log;*.bak' last='"HDB096G12242"'
2026-02-11T20:17:30 Mode: 'Filename contains' recurse=True max=200 ignore=*.log;*.bak
2026-02-11T20:17:30 Start-Search: folders=2 query='"HDB096G12242"' mode='Filename contains' recurse=True max=200 ignore=*.log;*.bak
2026-02-11T20:17:30 Stop-Search: requested
2026-02-11T20:17:31 Start-Search: job started id=7
2026-02-11T20:17:31 Search click handler finished normally
2026-02-11T20:17:38 Stop-Search: requested
2026-02-11T20:17:39 Search button clicked
2026-02-11T20:17:39 Folders count: 2
2026-02-11T20:17:39 Query: 'HDB096G12242'
2026-02-11T20:17:39 Settings saved. folders=2 mode='Filename contains' sub=True max=200 ignore='*.log;*.bak' last='HDB096G12242'
2026-02-11T20:17:39 Mode: 'Filename contains' recurse=True max=200 ignore=*.log;*.bak
2026-02-11T20:17:39 Start-Search: folders=2 query='HDB096G12242' mode='Filename contains' recurse=True max=200 ignore=*.log;*.bak
2026-02-11T20:17:39 Stop-Search: requested
2026-02-11T20:17:40 Start-Search: job started id=9
2026-02-11T20:17:40 Search click handler finished normally
2026-02-11T20:18:12 Stop-Search: requested
2026-02-11T20:18:12 Settings saved. folders=2 mode='Filename contains' sub=True max=200 ignore='*.log;*.bak' last='HDB096G12242'
2026-02-11T20:18:12 FORM CLOSING
2026-02-11T20:18:12 SCRIPT END
2026-02-11T20:26:10 SCRIPT START (v1.2.3)
2026-02-11T20:26:11 Showing UI
2026-02-11T20:26:16 Search button clicked
2026-02-11T20:26:16 Folders count: 2
2026-02-11T20:26:16 Query: 'HDB096G12242'
2026-02-11T20:26:16 Settings saved. folders=2 mode='Filename contains' sub=True max=200 ignore='*.log;*.bak' lastQuery='HDB096G12242'
2026-02-11T20:26:16 Mode: 'Filename contains' recurse=True max=200 ignore='*.log;*.bak'
2026-02-11T20:26:16 Start-Search: folders=2 query='HDB096G12242' mode='Filename contains' recurse=True max=200 ignore='*.log;*.bak'
2026-02-11T20:26:16 Stop-Search: requested
2026-02-11T20:26:17 Start-Search: job started id=1
2026-02-11T20:26:17 Search click handler finished normally
2026-02-11T20:26:25 SORT ERROR: A parameter cannot be found that matches parameter name 'Stable'.
2026-02-11T20:26:26 SORT ERROR: A parameter cannot be found that matches parameter name 'Stable'.
2026-02-11T20:26:27 SORT ERROR: A parameter cannot be found that matches parameter name 'Stable'.
2026-02-11T20:26:29 SORT ERROR: A parameter cannot be found that matches parameter name 'Stable'.
2026-02-11T20:27:21 SORT ERROR: A parameter cannot be found that matches parameter name 'Stable'.
2026-02-11T20:27:22 SORT ERROR: A parameter cannot be found that matches parameter name 'Stable'.
2026-02-11T20:27:24 Stop-Search: requested
2026-02-11T20:27:26 SORT ERROR: A parameter cannot be found that matches parameter name 'Stable'.
2026-02-11T20:27:26 SORT ERROR: A parameter cannot be found that matches parameter name 'Stable'.
2026-02-11T20:27:27 SORT ERROR: A parameter cannot be found that matches parameter name 'Stable'.
2026-02-11T20:27:28 SORT ERROR: A parameter cannot be found that matches parameter name 'Stable'.
2026-02-11T20:27:29 SORT ERROR: A parameter cannot be found that matches parameter name 'Stable'.
2026-02-11T20:27:31 SORT ERROR: A parameter cannot be found that matches parameter name 'Stable'.
2026-02-11T20:27:32 SORT ERROR: A parameter cannot be found that matches parameter name 'Stable'.
2026-02-11T20:27:33 SORT ERROR: A parameter cannot be found that matches parameter name 'Stable'.
2026-02-11T20:27:34 SORT ERROR: A parameter cannot be found that matches parameter name 'Stable'.
2026-02-11T20:27:36 SORT ERROR: A parameter cannot be found that matches parameter name 'Stable'.
2026-02-11T20:27:36 SORT ERROR: A parameter cannot be found that matches parameter name 'Stable'.
2026-02-11T20:27:41 SORT ERROR: A parameter cannot be found that matches parameter name 'Stable'.
2026-02-11T20:29:08 Search button clicked
2026-02-11T20:29:08 Folders count: 2
2026-02-11T20:29:08 Query: 'HDB096G12242'
2026-02-11T20:29:08 Settings saved. folders=2 mode='Filename contains' sub=True max=200 ignore='*.log;*.bak' lastQuery='HDB096G12242'
2026-02-11T20:29:08 Mode: 'Filename contains' recurse=True max=200 ignore='*.log;*.bak'
2026-02-11T20:29:08 Start-Search: folders=2 query='HDB096G12242' mode='Filename contains' recurse=True max=200 ignore='*.log;*.bak'
2026-02-11T20:29:08 Stop-Search: requested
2026-02-11T20:29:09 Start-Search: job started id=3
2026-02-11T20:29:09 Search click handler finished normally
2026-02-11T20:29:27 Stop-Search: requested
2026-02-11T20:29:29 Search button clicked
2026-02-11T20:29:29 Folders count: 2
2026-02-11T20:29:29 Query: '*096G12242'
2026-02-11T20:29:29 Settings saved. folders=2 mode='Filename contains' sub=True max=200 ignore='*.log;*.bak' lastQuery='*096G12242'
2026-02-11T20:29:29 Mode: 'Filename contains' recurse=True max=200 ignore='*.log;*.bak'
2026-02-11T20:29:29 Start-Search: folders=2 query='*096G12242' mode='Filename contains' recurse=True max=200 ignore='*.log;*.bak'
2026-02-11T20:29:29 Stop-Search: requested
2026-02-11T20:29:29 Start-Search: job started id=5
2026-02-11T20:29:29 Search click handler finished normally
2026-02-11T20:29:34 Stop-Search: requested
2026-02-11T20:29:35 Search button clicked
2026-02-11T20:29:35 Folders count: 2
2026-02-11T20:29:35 Query: '*096G12242'
2026-02-11T20:29:35 Settings saved. folders=2 mode='Wildcard (* and ?)' sub=True max=200 ignore='*.log;*.bak' lastQuery='*096G12242'
2026-02-11T20:29:35 Mode: 'Wildcard (* and ?)' recurse=True max=200 ignore='*.log;*.bak'
2026-02-11T20:29:35 Start-Search: folders=2 query='*096G12242' mode='Wildcard (* and ?)' recurse=True max=200 ignore='*.log;*.bak'
2026-02-11T20:29:35 Stop-Search: requested
2026-02-11T20:29:36 Start-Search: job started id=7
2026-02-11T20:29:36 Search click handler finished normally
2026-02-11T20:30:02 Stop-Search: requested
2026-02-11T20:30:05 Search button clicked
2026-02-11T20:30:05 Folders count: 2
2026-02-11T20:30:05 Query: '?096G12242'
2026-02-11T20:30:05 Settings saved. folders=2 mode='Wildcard (* and ?)' sub=True max=200 ignore='*.log;*.bak' lastQuery='?096G12242'
2026-02-11T20:30:05 Mode: 'Wildcard (* and ?)' recurse=True max=200 ignore='*.log;*.bak'
2026-02-11T20:30:05 Start-Search: folders=2 query='?096G12242' mode='Wildcard (* and ?)' recurse=True max=200 ignore='*.log;*.bak'
2026-02-11T20:30:05 Stop-Search: requested
2026-02-11T20:30:05 Start-Search: job started id=9
2026-02-11T20:30:05 Search click handler finished normally
2026-02-11T20:30:16 Stop-Search: requested
2026-02-11T20:30:20 Search button clicked
2026-02-11T20:30:20 Folders count: 2
2026-02-11T20:30:20 Query: '*096G12242'
2026-02-11T20:30:20 Settings saved. folders=2 mode='Wildcard (* and ?)' sub=True max=200 ignore='*.log;*.bak' lastQuery='*096G12242'
2026-02-11T20:30:20 Mode: 'Wildcard (* and ?)' recurse=True max=200 ignore='*.log;*.bak'
2026-02-11T20:30:20 Start-Search: folders=2 query='*096G12242' mode='Wildcard (* and ?)' recurse=True max=200 ignore='*.log;*.bak'
2026-02-11T20:30:20 Stop-Search: requested
2026-02-11T20:30:21 Start-Search: job started id=11
2026-02-11T20:30:21 Search click handler finished normally
2026-02-11T20:30:28 Stop-Search: requested
2026-02-11T20:30:29 Search button clicked
2026-02-11T20:30:29 Folders count: 2
2026-02-11T20:30:29 Query: 'HDB096G12242'
2026-02-11T20:30:29 Settings saved. folders=2 mode='Wildcard (* and ?)' sub=True max=200 ignore='*.log;*.bak' lastQuery='HDB096G12242'
2026-02-11T20:30:29 Mode: 'Wildcard (* and ?)' recurse=True max=200 ignore='*.log;*.bak'
2026-02-11T20:30:29 Start-Search: folders=2 query='HDB096G12242' mode='Wildcard (* and ?)' recurse=True max=200 ignore='*.log;*.bak'
2026-02-11T20:30:29 Stop-Search: requested
2026-02-11T20:30:29 Start-Search: job started id=13
2026-02-11T20:30:29 Search click handler finished normally
2026-02-11T20:31:04 Stop-Search: requested
2026-02-11T20:31:12 Search button clicked
2026-02-11T20:31:12 Folders count: 2
2026-02-11T20:31:12 Query: '096G12242'
2026-02-11T20:31:12 Settings saved. folders=2 mode='Filename contains' sub=True max=200 ignore='*.log;*.bak' lastQuery='096G12242'
2026-02-11T20:31:12 Mode: 'Filename contains' recurse=True max=200 ignore='*.log;*.bak'
2026-02-11T20:31:12 Start-Search: folders=2 query='096G12242' mode='Filename contains' recurse=True max=200 ignore='*.log;*.bak'
2026-02-11T20:31:12 Stop-Search: requested
2026-02-11T20:31:13 Start-Search: job started id=15
2026-02-11T20:31:13 Search click handler finished normally
2026-02-11T20:31:24 Stop-Search: requested
2026-02-11T20:31:27 Search button clicked
2026-02-11T20:31:27 Folders count: 2
2026-02-11T20:31:27 Query: '12242'
2026-02-11T20:31:27 Settings saved. folders=2 mode='Filename contains' sub=True max=200 ignore='*.log;*.bak' lastQuery='12242'
2026-02-11T20:31:27 Mode: 'Filename contains' recurse=True max=200 ignore='*.log;*.bak'
2026-02-11T20:31:27 Start-Search: folders=2 query='12242' mode='Filename contains' recurse=True max=200 ignore='*.log;*.bak'
2026-02-11T20:31:27 Stop-Search: requested
2026-02-11T20:31:27 Start-Search: job started id=17
2026-02-11T20:31:27 Search click handler finished normally
2026-02-11T20:31:44 Stop-Search: requested
2026-02-11T20:31:45 Search button clicked
2026-02-11T20:31:45 Folders count: 2
2026-02-11T20:31:45 Query: 'G12242'
2026-02-11T20:31:45 Settings saved. folders=2 mode='Filename contains' sub=True max=200 ignore='*.log;*.bak' lastQuery='G12242'
2026-02-11T20:31:45 Mode: 'Filename contains' recurse=True max=200 ignore='*.log;*.bak'
2026-02-11T20:31:45 Start-Search: folders=2 query='G12242' mode='Filename contains' recurse=True max=200 ignore='*.log;*.bak'
2026-02-11T20:31:45 Stop-Search: requested
2026-02-11T20:31:46 Start-Search: job started id=19
2026-02-11T20:31:46 Search click handler finished normally
2026-02-11T20:32:09 Stop-Search: requested
2026-02-11T20:32:10 Search button clicked
2026-02-11T20:32:10 Folders count: 2
2026-02-11T20:32:10 Query: 'XBB'
2026-02-11T20:32:10 Settings saved. folders=2 mode='Filename contains' sub=True max=200 ignore='*.log;*.bak' lastQuery='XBB'
2026-02-11T20:32:10 Mode: 'Filename contains' recurse=True max=200 ignore='*.log;*.bak'
2026-02-11T20:32:10 Start-Search: folders=2 query='XBB' mode='Filename contains' recurse=True max=200 ignore='*.log;*.bak'
2026-02-11T20:32:10 Stop-Search: requested
2026-02-11T20:32:11 Start-Search: job started id=21
2026-02-11T20:32:11 Search click handler finished normally
2026-02-11T20:32:33 Stop-Search: requested
2026-02-11T20:32:41 Search button clicked
2026-02-11T20:32:41 Folders count: 2
2026-02-11T20:32:41 Query: '120G'
2026-02-11T20:32:41 Settings saved. folders=2 mode='Filename contains' sub=True max=200 ignore='*.log;*.bak' lastQuery='120G'
2026-02-11T20:32:41 Mode: 'Filename contains' recurse=True max=200 ignore='*.log;*.bak'
2026-02-11T20:32:41 Start-Search: folders=2 query='120G' mode='Filename contains' recurse=True max=200 ignore='*.log;*.bak'
2026-02-11T20:32:41 Stop-Search: requested
2026-02-11T20:32:41 Start-Search: job started id=23
2026-02-11T20:32:41 Search click handler finished normally
2026-02-11T20:33:07 SORT ERROR: A parameter cannot be found that matches parameter name 'Stable'.
2026-02-11T20:33:08 SORT ERROR: A parameter cannot be found that matches parameter name 'Stable'.
2026-02-11T20:33:08 SORT ERROR: A parameter cannot be found that matches parameter name 'Stable'.
2026-02-11T20:33:10 SORT ERROR: A parameter cannot be found that matches parameter name 'Stable'.
2026-02-11T20:33:18 Job finished. state=Completed
2026-02-11T20:33:25 Search button clicked
2026-02-11T20:33:25 Folders count: 2
2026-02-11T20:33:25 Query: '120G'
2026-02-11T20:33:25 Settings saved. folders=2 mode='Filename contains' sub=True max=200 ignore='*.log;*.bak' lastQuery='120G'
2026-02-11T20:33:25 Mode: 'Filename contains' recurse=True max=200 ignore='*.log;*.bak'
2026-02-11T20:33:25 Start-Search: folders=2 query='120G' mode='Filename contains' recurse=True max=200 ignore='*.log;*.bak'
2026-02-11T20:33:25 Stop-Search: requested
2026-02-11T20:33:25 Start-Search: job started id=25
2026-02-11T20:33:25 Search click handler finished normally
2026-02-11T20:33:28 Stop-Search: requested
2026-02-11T20:33:30 Search button clicked
2026-02-11T20:33:30 Folders count: 2
2026-02-11T20:33:30 Query: '120G122'
2026-02-11T20:33:30 Settings saved. folders=2 mode='Filename contains' sub=True max=200 ignore='*.log;*.bak' lastQuery='120G122'
2026-02-11T20:33:30 Mode: 'Filename contains' recurse=True max=200 ignore='*.log;*.bak'
2026-02-11T20:33:30 Start-Search: folders=2 query='120G122' mode='Filename contains' recurse=True max=200 ignore='*.log;*.bak'
2026-02-11T20:33:30 Stop-Search: requested
2026-02-11T20:33:31 Start-Search: job started id=27
2026-02-11T20:33:31 Search click handler finished normally
2026-02-11T20:34:14 Stop-Search: requested
2026-02-11T20:34:15 Search button clicked
2026-02-11T20:34:15 Folders count: 2
2026-02-11T20:34:15 Query: '120G12242'
2026-02-11T20:34:15 Settings saved. folders=2 mode='Filename contains' sub=True max=200 ignore='*.log;*.bak' lastQuery='120G12242'
2026-02-11T20:34:15 Mode: 'Filename contains' recurse=True max=200 ignore='*.log;*.bak'
2026-02-11T20:34:15 Start-Search: folders=2 query='120G12242' mode='Filename contains' recurse=True max=200 ignore='*.log;*.bak'
2026-02-11T20:34:15 Stop-Search: requested
2026-02-11T20:34:16 Start-Search: job started id=29
2026-02-11T20:34:16 Search click handler finished normally
2026-02-11T20:35:12 Job finished. state=Completed
2026-02-11T20:35:49 Search button clicked
2026-02-11T20:35:49 Folders count: 2
2026-02-11T20:35:49 Query: 'HDB120G12242'
2026-02-11T20:35:49 Settings saved. folders=2 mode='Filename contains' sub=True max=200 ignore='*.log;*.bak' lastQuery='HDB120G12242'
2026-02-11T20:35:49 Mode: 'Filename contains' recurse=True max=200 ignore='*.log;*.bak'
2026-02-11T20:35:49 Start-Search: folders=2 query='HDB120G12242' mode='Filename contains' recurse=True max=200 ignore='*.log;*.bak'
2026-02-11T20:35:49 Stop-Search: requested
2026-02-11T20:35:50 Start-Search: job started id=31
2026-02-11T20:35:50 Search click handler finished normally
2026-02-11T20:37:28 Job finished. state=Completed
2026-02-11T20:41:32 Stop-Search: requested
2026-02-11T20:41:32 Settings saved. folders=2 mode='Filename contains' sub=True max=200 ignore='*.log;*.bak' lastQuery='HDB120G12242'
2026-02-11T20:41:32 FORM CLOSING
2026-02-11T20:41:33 SCRIPT END
2026-02-11T20:42:04 SCRIPT START (v1.2.3)
2026-02-11T20:42:05 Showing UI
2026-02-11T20:42:07 Stop-Search: requested
2026-02-11T20:42:07 Settings saved. folders=2 mode='Filename contains' sub=True max=200 ignore='*.log;*.bak' lastQuery='HDB120G12242'
2026-02-11T20:42:07 FORM CLOSING
2026-02-11T20:42:08 SCRIPT END
2026-02-11T20:42:11 SCRIPT START (v1.2.3)
2026-02-11T20:42:12 Showing UI
2026-02-11T20:42:52 Stop-Search: requested
2026-02-11T20:42:52 Settings saved. folders=2 mode='Filename contains' sub=True max=200 ignore='*.log;*.bak' lastQuery='HDB120G12242'
2026-02-11T20:42:52 FORM CLOSING
2026-02-11T20:42:52 SCRIPT END
2026-02-11T20:44:45 SCRIPT START (v1.2.3)
2026-02-11T20:44:46 Showing UI
2026-02-11T20:44:49 Stop-Search: requested
2026-02-11T20:44:49 Settings saved. folders=2 mode='Filename contains' sub=True max=200 ignore='*.log;*.bak' lastQuery='HDB120G12242'
2026-02-11T20:44:49 FORM CLOSING
2026-02-11T20:44:50 SCRIPT END
2026-02-12T07:55:43 SCRIPT START (v1.2.3)
2026-02-12T07:55:44 Showing UI
2026-02-12T07:58:33 Search button clicked
2026-02-12T07:58:33 Folders count: 2
2026-02-12T07:58:33 Query: 'IDZ096G1225BEXC'
2026-02-12T07:58:33 Settings saved. folders=2 mode='Filename contains' sub=True max=200 ignore='*.log;*.bak' lastQuery='IDZ096G1225BEXC'
2026-02-12T07:58:33 Mode: 'Filename contains' recurse=True max=200 ignore='*.log;*.bak'
2026-02-12T07:58:33 Start-Search: folders=2 query='IDZ096G1225BEXC' mode='Filename contains' recurse=True max=200 ignore='*.log;*.bak'
2026-02-12T07:58:33 Stop-Search: requested
2026-02-12T07:58:33 Start-Search: job started id=1
2026-02-12T07:58:33 Search click handler finished normally
2026-02-12T07:59:31 Job finished. state=Completed
2026-02-12T08:37:51 Stop-Search: requested
2026-02-12T08:37:51 Settings saved. folders=2 mode='Filename contains' sub=True max=200 ignore='*.log;*.bak' lastQuery='IDZ096G1225BEXC'
2026-02-12T08:37:51 FORM CLOSING
2026-02-12T08:37:51 SCRIPT END
2026-02-12T08:52:20 SCRIPT START (v1.2.3)
2026-02-12T08:52:20 Showing UI
2026-02-12T08:52:22 Stop-Search: requested
2026-02-12T08:52:22 Settings saved. folders=2 mode='Filename contains' sub=True max=200 ignore='*.log;*.bak' lastQuery='IDZ096G1225BEXC'
2026-02-12T08:52:22 FORM CLOSING
2026-02-12T08:52:22 SCRIPT END
2026-02-12T09:12:48 SCRIPT START (v1.2.3)
2026-02-12T09:12:48 Showing UI
2026-02-12T09:12:52 Search button clicked
2026-02-12T09:12:52 Folders count: 2
2026-02-12T09:12:52 Query: 'IDZ120G1249BEXC'
2026-02-12T09:12:52 Settings saved. folders=2 mode='Filename contains' sub=True max=200 ignore='*.log;*.bak' lastQuery='IDZ120G1249BEXC'
2026-02-12T09:12:52 Mode: 'Filename contains' recurse=True max=200 ignore='*.log;*.bak'
2026-02-12T09:12:52 Start-Search: folders=2 query='IDZ120G1249BEXC' mode='Filename contains' recurse=True max=200 ignore='*.log;*.bak'
2026-02-12T09:12:52 Stop-Search: requested
2026-02-12T09:12:53 Start-Search: job started id=1
2026-02-12T09:12:53 Search click handler finished normally
2026-02-12T09:13:51 Job finished. state=Completed
2026-02-12T09:23:50 Search button clicked
2026-02-12T09:23:50 Folders count: 2
2026-02-12T09:23:50 Query: 'IDB096N1224GCON'
2026-02-12T09:23:50 Settings saved. folders=2 mode='Filename contains' sub=True max=200 ignore='*.log;*.bak' lastQuery='IDB096N1224GCON'
2026-02-12T09:23:50 Mode: 'Filename contains' recurse=True max=200 ignore='*.log;*.bak'
2026-02-12T09:23:50 Start-Search: folders=2 query='IDB096N1224GCON' mode='Filename contains' recurse=True max=200 ignore='*.log;*.bak'
2026-02-12T09:23:50 Stop-Search: requested
2026-02-12T09:23:51 Start-Search: job started id=3
2026-02-12T09:23:51 Search click handler finished normally
2026-02-12T09:24:49 Job finished. state=Completed
2026-02-12T09:37:50 Search button clicked
2026-02-12T09:37:50 Folders count: 2
2026-02-12T09:37:50 Query: 'HTB120N12402CLE'
2026-02-12T09:37:50 Settings saved. folders=2 mode='Filename contains' sub=True max=200 ignore='*.log;*.bak' lastQuery='HTB120N12402CLE'
2026-02-12T09:37:50 Mode: 'Filename contains' recurse=True max=200 ignore='*.log;*.bak'
2026-02-12T09:37:50 Start-Search: folders=2 query='HTB120N12402CLE' mode='Filename contains' recurse=True max=200 ignore='*.log;*.bak'
2026-02-12T09:37:50 Stop-Search: requested
2026-02-12T09:37:50 Start-Search: job started id=5
2026-02-12T09:37:50 Search click handler finished normally
2026-02-12T09:38:47 Job finished. state=Completed
2026-02-12T09:43:39 Search button clicked
2026-02-12T09:43:39 Folders count: 2
2026-02-12T09:43:39 Query: 'HTB120N12402CLE'
2026-02-12T09:43:39 Settings saved. folders=2 mode='Filename contains' sub=True max=200 ignore='*.log;*.bak' lastQuery='HTB120N12402CLE'
2026-02-12T09:43:39 Mode: 'Filename contains' recurse=True max=200 ignore='*.log;*.bak'
2026-02-12T09:43:39 Start-Search: folders=2 query='HTB120N12402CLE' mode='Filename contains' recurse=True max=200 ignore='*.log;*.bak'
2026-02-12T09:43:39 Stop-Search: requested
2026-02-12T09:43:39 Start-Search: job started id=7
2026-02-12T09:43:39 Search click handler finished normally
2026-02-12T09:44:36 Job finished. state=Completed
2026-02-12T10:08:48 Search button clicked
2026-02-12T10:08:48 Folders count: 2
2026-02-12T10:08:48 Query: 'TTB096N12402TAC'
2026-02-12T10:08:48 Settings saved. folders=2 mode='Filename contains' sub=True max=200 ignore='*.log;*.bak' lastQuery='TTB096N12402TAC'
2026-02-12T10:08:48 Mode: 'Filename contains' recurse=True max=200 ignore='*.log;*.bak'
2026-02-12T10:08:48 Start-Search: folders=2 query='TTB096N12402TAC' mode='Filename contains' recurse=True max=200 ignore='*.log;*.bak'
2026-02-12T10:08:48 Stop-Search: requested
2026-02-12T10:08:48 Start-Search: job started id=9
2026-02-12T10:08:48 Search click handler finished normally
2026-02-12T10:09:45 Job finished. state=Completed
2026-02-12T10:10:46 Search button clicked
2026-02-12T10:10:46 Folders count: 2
2026-02-12T10:10:46 Query: 'TTB132N12402TAC'
2026-02-12T10:10:46 Settings saved. folders=2 mode='Filename contains' sub=True max=200 ignore='*.log;*.bak' lastQuery='TTB132N12402TAC'
2026-02-12T10:10:46 Mode: 'Filename contains' recurse=True max=200 ignore='*.log;*.bak'
2026-02-12T10:10:46 Start-Search: folders=2 query='TTB132N12402TAC' mode='Filename contains' recurse=True max=200 ignore='*.log;*.bak'
2026-02-12T10:10:46 Stop-Search: requested
2026-02-12T10:10:46 Start-Search: job started id=11
2026-02-12T10:10:46 Search click handler finished normally
2026-02-12T10:11:45 Job finished. state=Completed
2026-02-12T10:33:38 Stop-Search: requested
2026-02-12T10:33:38 Settings saved. folders=2 mode='Filename contains' sub=True max=200 ignore='*.log;*.bak' lastQuery='TTB132N12402TAC'
2026-02-12T10:33:38 FORM CLOSING
2026-02-12T10:33:38 SCRIPT END
2026-02-12T11:08:01 SCRIPT START (v1.2.3)
2026-02-12T11:08:01 Showing UI
2026-02-12T11:08:03 Stop-Search: requested
2026-02-12T11:08:03 Settings saved. folders=2 mode='Filename contains' sub=True max=200 ignore='*.log;*.bak' lastQuery='TTB132N12402TAC'
2026-02-12T11:08:03 FORM CLOSING
2026-02-12T11:08:03 SCRIPT END
