2026-02-12T11:21:58 SCRIPT START (v1.3)
2026-02-12T11:21:59 Showing UI
2026-02-12T11:22:04 Stop-Search: requested
2026-02-12T11:22:04 Settings saved. folders=2 mode='Filename contains' sub=True max=200 ignore='*.log;*.bak' lastQuery='HTB120N12402CLE'
2026-02-12T11:22:04 FORM CLOSING
2026-02-12T11:22:04 SCRIPT END
2026-02-12T11:22:14 SCRIPT START (v1.3)
2026-02-12T11:22:15 Showing UI
2026-02-12T11:23:07 SCRIPT START (v1.3)
2026-02-12T11:23:08 Showing UI
2026-02-12T11:23:11 Stop-Search: requested
2026-02-12T11:23:11 Settings saved. folders=2 mode='Filename contains' sub=True max=200 ignore='*.log;*.bak' lastQuery='HTB120N12402CLE'
2026-02-12T11:23:11 FORM CLOSING
2026-02-12T11:23:11 SCRIPT END
2026-02-12T11:23:13 SCRIPT START (v1.3)
2026-02-12T11:23:13 Showing UI
2026-02-12T11:23:15 Search button clicked
2026-02-12T11:23:15 Folders count: 2
2026-02-12T11:23:15 Query: 'HTB120N12402CLE'
2026-02-12T11:23:15 Settings saved. folders=2 mode='Filename contains' sub=True max=200 ignore='*.log;*.bak' lastQuery='HTB120N12402CLE'
2026-02-12T11:23:15 Mode: 'Filename contains' recurse=True max=200 ignore='*.log;*.bak'
2026-02-12T11:23:15 Start-Search: folders=2 query='HTB120N12402CLE' mode='Filename contains' recurse=True max=200 ignore='*.log;*.bak'
2026-02-12T11:23:15 Stop-Search: requested
2026-02-12T11:23:15 Start-Search: job started id=1
2026-02-12T11:23:15 Search click handler finished normally
2026-02-12T11:23:45 Stop-Search: requested
2026-02-12T11:23:45 Settings saved. folders=2 mode='Filename contains' sub=True max=200 ignore='*.log;*.bak' lastQuery='HTB120N12402CLE'
2026-02-12T11:23:45 FORM CLOSING
2026-02-12T11:23:45 SCRIPT END
2026-02-12T12:07:36 SCRIPT START (v1.3)
2026-02-12T12:07:36 Showing UI
2026-02-12T12:07:38 Stop-Search: requested
2026-02-12T12:07:38 Settings saved. folders=2 mode='Filename contains' sub=True max=200 ignore='*.log;*.bak' lastQuery='HTB120N12402CLE'
2026-02-12T12:07:38 FORM CLOSING
2026-02-12T12:07:38 SCRIPT END
2026-02-12T12:41:40 SCRIPT START (v1.3)
2026-02-12T12:41:40 Showing UI
2026-02-12T12:41:53 Search button clicked
2026-02-12T12:41:53 Folders count: 2
2026-02-12T12:41:53 Query: 'HTB120N12402CLE'
2026-02-12T12:41:53 Settings saved. folders=2 mode='Filename contains' sub=True max=200 ignore='*.log;*.bak' lastQuery='HTB120N12402CLE'
2026-02-12T12:41:53 Mode: 'Filename contains' recurse=True max=200 ignore='*.log;*.bak'
2026-02-12T12:41:53 Start-Search: folders=2 query='HTB120N12402CLE' mode='Filename contains' recurse=True max=200 ignore='*.log;*.bak'
2026-02-12T12:41:53 Stop-Search: requested
2026-02-12T12:41:53 Start-Search: job started id=1
2026-02-12T12:41:53 Search click handler finished normally
2026-02-12T12:42:43 Job finished. state=Completed
2026-02-12T12:42:58 Search button clicked
2026-02-12T12:42:58 Folders count: 2
2026-02-12T12:42:58 Query: 'HTB120N12402'
2026-02-12T12:42:58 Settings saved. folders=2 mode='Filename contains' sub=True max=200 ignore='*.log;*.bak' lastQuery='HTB120N12402'
2026-02-12T12:42:58 Mode: 'Filename contains' recurse=True max=200 ignore='*.log;*.bak'
2026-02-12T12:42:58 Start-Search: folders=2 query='HTB120N12402' mode='Filename contains' recurse=True max=200 ignore='*.log;*.bak'
2026-02-12T12:42:58 Stop-Search: requested
2026-02-12T12:42:58 Start-Search: job started id=3
2026-02-12T12:42:58 Search click handler finished normally
2026-02-12T12:43:30 Stop-Search: requested
2026-02-12T12:43:30 Search button clicked
2026-02-12T12:43:30 Folders count: 2
2026-02-12T12:43:30 Query: 'HTB120N12402'
2026-02-12T12:43:30 Settings saved. folders=2 mode='Exact filename' sub=True max=200 ignore='*.log;*.bak' lastQuery='HTB120N12402'
2026-02-12T12:43:30 Mode: 'Exact filename' recurse=True max=200 ignore='*.log;*.bak'
2026-02-12T12:43:30 Start-Search: folders=2 query='HTB120N12402' mode='Exact filename' recurse=True max=200 ignore='*.log;*.bak'
2026-02-12T12:43:30 Stop-Search: requested
2026-02-12T12:43:31 Start-Search: job started id=5
2026-02-12T12:43:31 Search click handler finished normally
2026-02-12T12:44:21 Job finished. state=Completed
2026-02-12T12:45:03 Search button clicked
2026-02-12T12:45:03 Folders count: 2
2026-02-12T12:45:03 Query: 'HTB120N12402.dwg'
2026-02-12T12:45:03 Settings saved. folders=2 mode='Exact filename' sub=True max=200 ignore='*.log;*.bak' lastQuery='HTB120N12402.dwg'
2026-02-12T12:45:03 Mode: 'Exact filename' recurse=True max=200 ignore='*.log;*.bak'
2026-02-12T12:45:03 Start-Search: folders=2 query='HTB120N12402.dwg' mode='Exact filename' recurse=True max=200 ignore='*.log;*.bak'
2026-02-12T12:45:03 Stop-Search: requested
2026-02-12T12:45:04 Start-Search: job started id=7
2026-02-12T12:45:04 Search click handler finished normally
2026-02-12T12:45:57 Job finished. state=Completed
2026-02-12T14:44:39 SCRIPT START (v1.3)
2026-02-12T14:44:40 Showing UI
2026-02-12T14:57:33 Search button clicked
2026-02-12T14:57:33 Folders count: 2
2026-02-12T14:57:33 Query: 'TTB096N12402TAC'
2026-02-12T14:57:33 Settings saved. folders=2 mode='Filename contains' sub=True max=200 ignore='*.log;*.bak' lastQuery='TTB096N12402TAC '
2026-02-12T14:57:33 Mode: 'Filename contains' recurse=True max=200 ignore='*.log;*.bak'
2026-02-12T14:57:33 Start-Search: folders=2 query='TTB096N12402TAC' mode='Filename contains' recurse=True max=200 ignore='*.log;*.bak'
2026-02-12T14:57:33 Stop-Search: requested
2026-02-12T14:57:33 Start-Search: job started id=1
2026-02-12T14:57:33 Search click handler finished normally
2026-02-12T14:58:11 Stop-Search: requested
2026-02-12T14:58:12 Search button clicked
2026-02-12T14:58:12 Folders count: 2
2026-02-12T14:58:12 Query: 'TTB096N12402'
2026-02-12T14:58:12 Settings saved. folders=2 mode='Filename contains' sub=True max=200 ignore='*.log;*.bak' lastQuery='TTB096N12402'
2026-02-12T14:58:12 Mode: 'Filename contains' recurse=True max=200 ignore='*.log;*.bak'
2026-02-12T14:58:12 Start-Search: folders=2 query='TTB096N12402' mode='Filename contains' recurse=True max=200 ignore='*.log;*.bak'
2026-02-12T14:58:12 Stop-Search: requested
2026-02-12T14:58:12 Start-Search: job started id=3
2026-02-12T14:58:12 Search click handler finished normally
2026-02-12T14:59:10 Job finished. state=Completed
2026-02-12T15:32:20 SCRIPT START (v1.3)
2026-02-12T15:32:21 Showing UI
2026-02-12T15:37:41 Stop-Search: requested
2026-02-12T15:37:41 Settings saved. folders=2 mode='Filename contains' sub=True max=200 ignore='*.log;*.bak' lastQuery='TTB096N12402'
2026-02-12T15:37:41 FORM CLOSING
2026-02-12T15:37:41 SCRIPT END
2026-02-12T15:39:47 Stop-Search: requested
2026-02-12T15:39:47 Settings saved. folders=2 mode='Filename contains' sub=True max=200 ignore='*.log;*.bak' lastQuery='TTB096N12402'
2026-02-12T15:39:47 FORM CLOSING
2026-02-12T15:39:47 SCRIPT END
2026-02-12T15:40:02 Stop-Search: requested
2026-02-12T15:40:02 Settings saved. folders=2 mode='Filename contains' sub=True max=200 ignore='*.log;*.bak' lastQuery='HTB120N12402'
2026-02-12T15:40:02 FORM CLOSING
2026-02-12T15:40:02 SCRIPT END
2026-02-13T08:07:18 SCRIPT START (v1.3)
2026-02-13T08:07:18 Showing UI
2026-02-13T08:11:38 Search button clicked
2026-02-13T08:11:38 Folders count: 2
2026-02-13T08:11:38 Query: 'HTZ144N12402ONC'
2026-02-13T08:11:38 Settings saved. folders=2 mode='Filename contains' sub=True max=200 ignore='*.log;*.bak' lastQuery='HTZ144N12402ONC'
2026-02-13T08:11:38 Mode: 'Filename contains' recurse=True max=200 ignore='*.log;*.bak'
2026-02-13T08:11:38 Start-Search: folders=2 query='HTZ144N12402ONC' mode='Filename contains' recurse=True max=200 ignore='*.log;*.bak'
2026-02-13T08:11:38 Stop-Search: requested
2026-02-13T08:11:38 Start-Search: job started id=1
2026-02-13T08:11:38 Search click handler finished normally
2026-02-13T08:12:42 Job finished. state=Completed
2026-02-13T08:13:00 SORT ERROR: A parameter cannot be found that matches parameter name 'Stable'.
2026-02-13T08:13:01 SORT ERROR: A parameter cannot be found that matches parameter name 'Stable'.
2026-02-13T08:15:16 Stop-Search: requested
2026-02-13T08:15:16 Settings saved. folders=2 mode='Filename contains' sub=True max=200 ignore='*.log;*.bak' lastQuery='HTZ144N12402ONC'
2026-02-13T08:15:16 FORM CLOSING
2026-02-13T08:15:16 SCRIPT END
