2026-02-12T11:08:07 SCRIPT START (v1.3)
2026-02-12T11:08:08 Showing UI
2026-02-12T11:08:09 Stop-Search: requested
2026-02-12T11:08:09 Settings saved. folders=2 mode='Filename contains' sub=True max=200 ignore='*.log;*.bak' lastQuery='HTB120N12402CLE'
2026-02-12T11:08:09 FORM CLOSING
2026-02-12T11:08:09 SCRIPT END
2026-02-12T11:14:38 SCRIPT START (v1.3)
2026-02-12T11:14:39 Showing UI
2026-02-12T11:14:40 Stop-Search: requested
2026-02-12T11:14:40 Settings saved. folders=2 mode='Filename contains' sub=True max=200 ignore='*.log;*.bak' lastQuery='HTB120N12402CLE'
2026-02-12T11:14:40 FORM CLOSING
2026-02-12T11:14:40 SCRIPT END
2026-02-12T15:21:43 SCRIPT START (v1.4)
2026-02-12T15:21:43 TRAP: SplitterDistance must be between Panel1MinSize and Width - Panel2MinSize.
at <ScriptBlock>, C:\Scripts\PartFinder\working\Part-Finder.ps1: line 173
2026-02-12T15:21:43 Showing UI
2026-02-12T15:22:03 Search button clicked
2026-02-12T15:22:03 Folders count: 2
2026-02-12T15:22:03 Query: 'HTB120N12402CLE'
2026-02-12T15:22:03 Settings saved. folders=2 mode='Filename contains' sub=True max=200 ignore='*.log;*.bak' lastQuery='HTB120N12402CLE'
2026-02-12T15:22:03 Mode: 'Filename contains' recurse=True max=200 ignore='*.log;*.bak'
2026-02-12T15:22:03 Start-Search: folders=2 query='HTB120N12402CLE' mode='Filename contains' recurse=True max=200 ignore='*.log;*.bak'
2026-02-12T15:22:03 Stop-Search: requested
2026-02-12T15:22:03 Start-Search: job started id=1
2026-02-12T15:22:03 Search click handler finished normally
2026-02-12T15:22:35 Stop-Search: requested
2026-02-12T15:22:35 Search button clicked
2026-02-12T15:22:35 Folders count: 2
2026-02-12T15:22:35 Query: 'HTB120N12402'
2026-02-12T15:22:35 Settings saved. folders=2 mode='Filename contains' sub=True max=200 ignore='*.log;*.bak' lastQuery='HTB120N12402'
2026-02-12T15:22:35 Mode: 'Filename contains' recurse=True max=200 ignore='*.log;*.bak'
2026-02-12T15:22:35 Start-Search: folders=2 query='HTB120N12402' mode='Filename contains' recurse=True max=200 ignore='*.log;*.bak'
2026-02-12T15:22:35 Stop-Search: requested
2026-02-12T15:22:35 Start-Search: job started id=3
2026-02-12T15:22:35 Search click handler finished normally
2026-02-12T15:23:32 Job finished. state=Completed
2026-02-12T15:27:49 Stop-Search: requested
2026-02-12T15:27:49 Settings saved. folders=2 mode='Filename contains' sub=True max=200 ignore='*.log;*.bak' lastQuery='HTB120N12402'
2026-02-12T15:27:49 FORM CLOSING
2026-02-12T15:27:50 SCRIPT END
2026-02-12T15:29:23 SCRIPT START (v1.4)
2026-02-12T15:29:23 TRAP: SplitterDistance must be between Panel1MinSize and Width - Panel2MinSize.
at <ScriptBlock>, C:\Scripts\PartFinder\working\Part-Finder.ps1: line 173
2026-02-12T15:29:23 Showing UI
2026-02-12T15:30:28 Stop-Search: requested
2026-02-12T15:30:28 Settings saved. folders=2 mode='Filename contains' sub=True max=200 ignore='*.log;*.bak' lastQuery='HTB120N12402'
2026-02-12T15:30:28 FORM CLOSING
2026-02-12T15:30:28 SCRIPT END
2026-02-12T15:30:35 SCRIPT START (v1.4)
2026-02-12T15:30:35 TRAP: SplitterDistance must be between Panel1MinSize and Width - Panel2MinSize.
at <ScriptBlock>, C:\Scripts\PartFinder\working\Part-Finder.ps1: line 176
2026-02-12T15:30:35 Showing UI
2026-02-12T15:31:35 Search button clicked
2026-02-12T15:31:35 Folders count: 2
2026-02-12T15:31:35 Query: 'HTB120N12402'
2026-02-12T15:31:35 Settings saved. folders=2 mode='Filename contains' sub=True max=200 ignore='*.log;*.bak' lastQuery='HTB120N12402'
2026-02-12T15:31:35 Mode: 'Filename contains' recurse=True max=200 ignore='*.log;*.bak'
2026-02-12T15:31:35 Start-Search: folders=2 query='HTB120N12402' mode='Filename contains' recurse=True max=200 ignore='*.log;*.bak'
2026-02-12T15:31:35 Stop-Search: requested
2026-02-12T15:31:35 Start-Search: job started id=1
2026-02-12T15:31:35 Search click handler finished normally
2026-02-12T15:32:32 Job finished. state=Completed
2026-02-12T15:37:40 Stop-Search: requested
2026-02-12T15:37:40 Settings saved. folders=2 mode='Filename contains' sub=True max=200 ignore='*.log;*.bak' lastQuery='HTB120N12402'
2026-02-12T15:37:40 FORM CLOSING
2026-02-12T15:37:40 SCRIPT END
2026-02-12T15:43:07 SCRIPT START (v1.4)
2026-02-12T15:43:07 TRAP: SplitterDistance must be between Panel1MinSize and Width - Panel2MinSize.
at <ScriptBlock>, C:\Scripts\PartFinder\working\Part-Finder.ps1: line 178
2026-02-12T15:43:07 Showing UI
2026-02-12T15:43:23 Settings saved. folders=3 mode='Filename contains' sub=True max=200 ignore='*.log;*.bak' lastQuery='HTB120N12402'
2026-02-12T15:43:28 Settings saved. folders=2 mode='Filename contains' sub=True max=200 ignore='*.log;*.bak' lastQuery='HTB120N12402'
2026-02-12T15:43:39 Settings saved. folders=3 mode='Filename contains' sub=True max=200 ignore='*.log;*.bak' lastQuery='HTB120N12402'
2026-02-12T15:43:42 Settings saved. folders=2 mode='Filename contains' sub=True max=200 ignore='*.log;*.bak' lastQuery='HTB120N12402'
2026-02-12T15:44:09 Search button clicked
2026-02-12T15:44:09 Folders count: 2
2026-02-12T15:44:09 Query: 'HTB120N12402'
2026-02-12T15:44:09 Settings saved. folders=2 mode='Filename contains' sub=True max=200 ignore='*.log;*.bak' lastQuery='HTB120N12402'
2026-02-12T15:44:09 Mode: 'Filename contains' recurse=True max=200 ignore='*.log;*.bak'
2026-02-12T15:44:09 Start-Search: folders=2 query='HTB120N12402' mode='Filename contains' recurse=True max=200 ignore='*.log;*.bak'
2026-02-12T15:44:09 Stop-Search: requested
2026-02-12T15:44:09 Start-Search: job started id=1
2026-02-12T15:44:09 Search click handler finished normally
2026-02-12T15:45:05 Job finished. state=Completed
2026-02-12T15:50:18 Stop-Search: requested
2026-02-12T15:50:18 Settings saved. folders=2 mode='Filename contains' sub=True max=200 ignore='*.log;*.bak' lastQuery='HTB120N12402'
2026-02-12T15:50:18 FORM CLOSING
2026-02-12T15:50:18 SCRIPT END
2026-02-12T15:50:22 SCRIPT START (v1.4)
2026-02-12T15:50:22 TRAP: SplitterDistance must be between Panel1MinSize and Width - Panel2MinSize.
at <ScriptBlock>, C:\Scripts\PartFinder\working\Part-Finder.ps1: line 178
2026-02-12T15:50:22 Showing UI
2026-02-12T15:54:38 SCRIPT START (v1.4)
2026-02-12T15:54:38 TRAP: SplitterDistance must be between Panel1MinSize and Width - Panel2MinSize.
at <ScriptBlock>, C:\Scripts\PartFinder\working\Part-Finder.ps1: line 178
2026-02-12T15:54:38 Showing UI
2026-02-13T08:14:53 SCRIPT START (v1.4)
2026-02-13T08:14:53 TRAP: SplitterDistance must be between Panel1MinSize and Width - Panel2MinSize.
at <ScriptBlock>, C:\Scripts\PartFinder\working\Part-Finder.ps1: line 176
2026-02-13T08:14:53 Showing UI
2026-02-13T08:15:14 Stop-Search: requested
2026-02-13T08:15:14 Settings saved. folders=2 mode='Filename contains' sub=True max=200 ignore='*.log;*.bak' lastQuery='HTB120N12402'
2026-02-13T08:15:14 FORM CLOSING
2026-02-13T08:15:14 SCRIPT END
2026-02-13T10:19:10 SCRIPT START (v1.5)
2026-02-13T10:19:10 TRAP: SplitterDistance must be between Panel1MinSize and Width - Panel2MinSize.
at <ScriptBlock>, C:\Scripts\PartFinder\working\Part-Finder.ps1: line 176
2026-02-13T10:19:10 Showing UI
2026-02-13T10:24:31 Stop-Search: requested
2026-02-13T10:24:31 Settings saved. folders=2 mode='Filename contains' sub=True max=200 ignore='*.log;*.bak' lastQuery='HTB120N12402'
2026-02-13T10:24:31 FORM CLOSING
2026-02-13T10:24:31 SCRIPT END
2026-02-13T10:24:36 SCRIPT START (v1.5)
2026-02-13T10:24:36 TRAP: SplitterDistance must be between Panel1MinSize and Width - Panel2MinSize.
at <ScriptBlock>, C:\Scripts\PartFinder\working\Part-Finder.ps1: line 176
2026-02-13T10:24:37 Showing UI
2026-02-13T10:26:58 Stop-Search: requested
2026-02-13T10:26:58 Settings saved. folders=2 mode='Filename contains' sub=True max=200 ignore='*.log;*.bak' lastQuery='HTB120N12402'
2026-02-13T10:26:58 FORM CLOSING
2026-02-13T10:26:58 SCRIPT END
2026-02-13T10:32:32 SCRIPT START (v1.5)
2026-02-13T10:32:32 TRAP: SplitterDistance must be between Panel1MinSize and Width - Panel2MinSize.
at <ScriptBlock>, C:\Scripts\PartFinder\working\Part-Finder.ps1: line 176
2026-02-13T10:32:33 Showing UI
2026-02-13T10:33:13 Stop-Search: requested
2026-02-13T10:33:13 Settings saved. folders=2 mode='Filename contains' sub=True max=200 ignore='*.log;*.bak' lastQuery='HTB120N12402'
2026-02-13T10:33:13 FORM CLOSING
2026-02-13T10:33:13 SCRIPT END
2026-02-13T10:33:20 SCRIPT START (v1.5)
2026-02-13T10:33:20 TRAP: SplitterDistance must be between Panel1MinSize and Width - Panel2MinSize.
at <ScriptBlock>, C:\Scripts\PartFinder\working\Part-Finder.ps1: line 176
2026-02-13T10:33:20 Showing UI
2026-02-13T10:33:39 Settings saved. folders=3 mode='Filename contains' sub=True max=200 ignore='*.log;*.bak' lastQuery='HTB120N12402'
2026-02-13T10:33:42 Search button clicked
2026-02-13T10:33:42 Folders count: 3
2026-02-13T10:33:42 Query: 'HTB120N12402'
2026-02-13T10:33:42 Settings saved. folders=3 mode='Filename contains' sub=True max=200 ignore='*.log;*.bak' lastQuery='HTB120N12402'
2026-02-13T10:33:42 Mode: 'Filename contains' recurse=True max=200 ignore='*.log;*.bak'
2026-02-13T10:33:42 Start-Search: folders=3 query='HTB120N12402' mode='Filename contains' recurse=True max=200 ignore='*.log;*.bak'
2026-02-13T10:33:42 Stop-Search: requested
2026-02-13T10:33:42 Start-Search: job started id=1
2026-02-13T10:33:42 Search click handler finished normally
2026-02-13T10:35:09 Stop-Search: requested
2026-02-13T10:35:11 Stop-Search: requested
2026-02-13T10:35:11 Settings saved. folders=3 mode='Filename contains' sub=True max=200 ignore='*.log;*.bak' lastQuery='HTB120N12402'
2026-02-13T10:35:11 FORM CLOSING
2026-02-13T10:35:11 SCRIPT END
2026-02-13T10:35:18 SCRIPT START (v1.5)
2026-02-13T10:35:19 TRAP: SplitterDistance must be between Panel1MinSize and Width - Panel2MinSize.
at <ScriptBlock>, C:\Scripts\PartFinder\working\Part-Finder.ps1: line 176
2026-02-13T10:35:19 Showing UI
2026-02-13T10:35:34 Search button clicked
2026-02-13T10:35:34 Folders count: 3
2026-02-13T10:35:34 Query: 'HTB120N12402'
2026-02-13T10:35:34 Settings saved. folders=3 mode='Filename contains' sub=True max=200 ignore='*.log;*.bak' lastQuery='HTB120N12402'
2026-02-13T10:35:34 Mode: 'Filename contains' recurse=True max=200 ignore='*.log;*.bak'
2026-02-13T10:35:34 Start-Search: folders=3 query='HTB120N12402' mode='Filename contains' recurse=True max=200 ignore='*.log;*.bak'
2026-02-13T10:35:34 Stop-Search: requested
2026-02-13T10:35:35 Start-Search: job started id=1
2026-02-13T10:35:35 Search click handler finished normally
2026-02-13T10:36:35 Job finished. state=Completed
2026-02-13T10:38:17 Search button clicked
2026-02-13T10:38:17 Folders count: 3
2026-02-13T10:38:17 Query: 'IDB120G12482'
2026-02-13T10:38:17 Settings saved. folders=3 mode='Filename contains' sub=True max=200 ignore='*.log;*.bak' lastQuery='IDB120G12482'
2026-02-13T10:38:17 Mode: 'Filename contains' recurse=True max=200 ignore='*.log;*.bak'
2026-02-13T10:38:17 Start-Search: folders=3 query='IDB120G12482' mode='Filename contains' recurse=True max=200 ignore='*.log;*.bak'
2026-02-13T10:38:17 Stop-Search: requested
2026-02-13T10:38:17 Start-Search: job started id=3
2026-02-13T10:38:17 Search click handler finished normally
2026-02-13T10:39:01 Stop-Search: requested
2026-02-13T10:39:02 Search button clicked
2026-02-13T10:39:02 Folders count: 3
2026-02-13T10:39:02 Query: 'IDB120G12482'
2026-02-13T10:39:02 Settings saved. folders=3 mode='Filename contains' sub=True max=200 ignore='*.log;*.bak' lastQuery='IDB120G12482'
2026-02-13T10:39:02 Mode: 'Filename contains' recurse=True max=200 ignore='*.log;*.bak'
2026-02-13T10:39:02 Start-Search: folders=3 query='IDB120G12482' mode='Filename contains' recurse=True max=200 ignore='*.log;*.bak'
2026-02-13T10:39:02 Stop-Search: requested
2026-02-13T10:39:03 Start-Search: job started id=5
2026-02-13T10:39:03 Search click handler finished normally
2026-02-13T10:40:13 Job finished. state=Completed
2026-02-13T10:41:05 Search button clicked
2026-02-13T10:41:05 Folders count: 3
2026-02-13T10:41:05 Query: 'HAB120B'
2026-02-13T10:41:05 Settings saved. folders=3 mode='Filename contains' sub=True max=200 ignore='*.log;*.bak' lastQuery='HAB120B'
2026-02-13T10:41:05 Mode: 'Filename contains' recurse=True max=200 ignore='*.log;*.bak'
2026-02-13T10:41:05 Start-Search: folders=3 query='HAB120B' mode='Filename contains' recurse=True max=200 ignore='*.log;*.bak'
2026-02-13T10:41:05 Stop-Search: requested
2026-02-13T10:41:05 Start-Search: job started id=7
2026-02-13T10:41:05 Search click handler finished normally
2026-02-13T10:41:15 Stop-Search: requested
2026-02-13T10:41:16 Search button clicked
2026-02-13T10:41:16 Folders count: 3
2026-02-13T10:41:16 Query: 'HAB120B123'
2026-02-13T10:41:16 Settings saved. folders=3 mode='Filename contains' sub=True max=200 ignore='*.log;*.bak' lastQuery='HAB120B123'
2026-02-13T10:41:16 Mode: 'Filename contains' recurse=True max=200 ignore='*.log;*.bak'
2026-02-13T10:41:16 Start-Search: folders=3 query='HAB120B123' mode='Filename contains' recurse=True max=200 ignore='*.log;*.bak'
2026-02-13T10:41:16 Stop-Search: requested
2026-02-13T10:41:16 Start-Search: job started id=9
2026-02-13T10:41:16 Search click handler finished normally
2026-02-13T10:42:17 Job finished. state=Completed
2026-02-13T10:43:29 Stop-Search: requested
2026-02-13T10:43:29 Settings saved. folders=3 mode='Filename contains' sub=True max=200 ignore='*.log;*.bak' lastQuery='HAB120B123'
2026-02-13T10:43:29 FORM CLOSING
2026-02-13T10:43:29 SCRIPT END
2026-02-13T10:47:40 SCRIPT START (v1.5)
2026-02-13T10:47:40 TRAP: SplitterDistance must be between Panel1MinSize and Width - Panel2MinSize.
at <ScriptBlock>, C:\Scripts\PartFinder\working\Part-Finder.ps1: line 212
2026-02-13T10:47:40 Showing UI
2026-02-13T10:47:59 Search button clicked
2026-02-13T10:47:59 Folders count: 3
2026-02-13T10:47:59 Query: 'HAB120B123'
2026-02-13T10:47:59 Settings saved. folders=3 mode='Filename contains' sub=True max=200 ignore='*.log;*.bak' lastQuery='HAB120B123'
2026-02-13T10:47:59 Mode: 'Filename contains' recurse=True max=200 ignore='*.log;*.bak'
2026-02-13T10:47:59 Start-Search: folders=3 query='HAB120B123' mode='Filename contains' recurse=True max=200 ignore='*.log;*.bak'
2026-02-13T10:47:59 Stop-Search: requested
2026-02-13T10:47:59 Start-Search: job started id=1
2026-02-13T10:47:59 Search click handler finished normally
2026-02-13T10:48:06 Stop-Search: requested
2026-02-13T10:48:09 Stop-Search: requested
2026-02-13T10:48:09 Settings saved. folders=3 mode='Filename contains' sub=True max=200 ignore='*.log;*.bak' lastQuery='HAB120B123'
2026-02-13T10:48:09 FORM CLOSING
2026-02-13T10:48:09 Save window settings error: Exception setting "window": "The property 'window' cannot be found on this object. Verify that the property exists and can be set."
2026-02-13T10:48:09 SCRIPT END
2026-02-13T10:48:15 SCRIPT START (v1.5)
2026-02-13T10:48:15 TRAP: SplitterDistance must be between Panel1MinSize and Width - Panel2MinSize.
at <ScriptBlock>, C:\Scripts\PartFinder\working\Part-Finder.ps1: line 212
2026-02-13T10:48:16 Showing UI
2026-02-13T10:48:33 Search button clicked
2026-02-13T10:48:33 Folders count: 3
2026-02-13T10:48:33 Query: 'HAB120B1230'
2026-02-13T10:48:33 Settings saved. folders=3 mode='Filename contains' sub=True max=200 ignore='*.log;*.bak' lastQuery='HAB120B1230'
2026-02-13T10:48:33 Mode: 'Filename contains' recurse=True max=200 ignore='*.log;*.bak'
2026-02-13T10:48:33 Start-Search: folders=3 query='HAB120B1230' mode='Filename contains' recurse=True max=200 ignore='*.log;*.bak'
2026-02-13T10:48:33 Stop-Search: requested
2026-02-13T10:48:33 Start-Search: job started id=1
2026-02-13T10:48:33 Search click handler finished normally
2026-02-13T10:48:54 Stop-Search: requested
2026-02-13T10:49:01 Stop-Search: requested
2026-02-13T10:49:01 Settings saved. folders=3 mode='Filename contains' sub=True max=200 ignore='*.log;*.bak' lastQuery='HAB120B1230'
2026-02-13T10:49:01 FORM CLOSING
2026-02-13T10:49:01 Save window settings error: Exception setting "window": "The property 'window' cannot be found on this object. Verify that the property exists and can be set."
2026-02-13T10:49:01 SCRIPT END
2026-02-13T10:49:22 SCRIPT START (v1.5)
2026-02-13T10:49:22 TRAP: SplitterDistance must be between Panel1MinSize and Width - Panel2MinSize.
at <ScriptBlock>, C:\Scripts\PartFinder\working\Part-Finder.ps1: line 212
2026-02-13T10:49:22 Showing UI
2026-02-13T10:49:33 Search button clicked
2026-02-13T10:49:33 Folders count: 3
2026-02-13T10:49:33 Query: 'HAB*B1230'
2026-02-13T10:49:33 Settings saved. folders=3 mode='Filename contains' sub=True max=200 ignore='*.log;*.bak' lastQuery='HAB*B1230'
2026-02-13T10:49:33 Mode: 'Filename contains' recurse=True max=200 ignore='*.log;*.bak'
2026-02-13T10:49:33 Start-Search: folders=3 query='HAB*B1230' mode='Filename contains' recurse=True max=200 ignore='*.log;*.bak'
2026-02-13T10:49:33 Stop-Search: requested
2026-02-13T10:49:33 Start-Search: job started id=1
2026-02-13T10:49:33 Search click handler finished normally
2026-02-13T10:49:54 Stop-Search: requested
2026-02-13T10:49:54 Settings saved. folders=3 mode='Filename contains' sub=True max=200 ignore='*.log;*.bak' lastQuery='HAB*B1230'
2026-02-13T10:49:54 FORM CLOSING
2026-02-13T10:49:54 Save window settings error: Exception setting "window": "The property 'window' cannot be found on this object. Verify that the property exists and can be set."
2026-02-13T10:49:54 SCRIPT END
2026-02-16T15:52:36 SCRIPT START (v1.5)
2026-02-16T15:52:36 TRAP: SplitterDistance must be between Panel1MinSize and Width - Panel2MinSize.
at <ScriptBlock>, C:\Scripts\PartFinder\working\Part-Finder.ps1: line 212
2026-02-16T15:52:36 Showing UI
2026-02-16T15:52:41 Stop-Search: requested
2026-02-16T15:52:41 Settings saved. folders=3 mode='Filename contains' sub=True max=200 ignore='*.log;*.bak' lastQuery='HAB*B1230'
2026-02-16T15:52:41 FORM CLOSING
2026-02-16T15:52:41 Save window settings error: Exception setting "window": "The property 'window' cannot be found on this object. Verify that the property exists and can be set."
2026-02-16T15:52:41 SCRIPT END
2026-02-23T10:37:45 SCRIPT START (v1.6)
2026-02-23T10:37:45 TRAP: SplitterDistance must be between Panel1MinSize and Width - Panel2MinSize.
at <ScriptBlock>, C:\Scripts\PartFinder\working\Part-Finder.ps1: line 233
2026-02-23T10:37:45 TRAP: Multi-selection is not supported on CheckedListBox.
at <ScriptBlock>, C:\Scripts\PartFinder\working\Part-Finder.ps1: line 260
2026-02-23T10:37:45 Showing UI
2026-02-23T10:37:47 Settings saved. folders=3 mode='Filename contains' sub=True max=200 ignore='*.log;*.bak' lastQuery='HAB*B1230'
2026-02-23T10:37:48 Settings saved. folders=3 mode='Filename contains' sub=True max=200 ignore='*.log;*.bak' lastQuery='HAB*B1230'
2026-02-23T10:37:50 Search button clicked
2026-02-23T10:37:50 Folders count: 1
2026-02-23T10:37:50 Query: 'HAB*B1230'
2026-02-23T10:37:50 Settings saved. folders=3 mode='Filename contains' sub=True max=200 ignore='*.log;*.bak' lastQuery='HAB*B1230'
2026-02-23T10:37:50 Mode: 'Filename contains' recurse=True max=200 ignore='*.log;*.bak'
2026-02-23T10:37:50 Start-Search: folders=1 query='HAB*B1230' mode='Filename contains' recurse=True max=200 ignore='*.log;*.bak'
2026-02-23T10:37:50 Stop-Search: requested
2026-02-23T10:37:50 Start-Search: job started id=1
2026-02-23T10:37:50 Search click handler finished normally
2026-02-23T10:37:53 Stop-Search: requested
2026-02-23T10:38:18 Settings saved. folders=3 mode='Filename contains' sub=True max=200 ignore='*.log;*.bak' lastQuery='HAB*B1230'
2026-02-23T10:38:19 Settings saved. folders=3 mode='Filename contains' sub=True max=200 ignore='*.log;*.bak' lastQuery='HAB*B1230'
2026-02-23T10:38:19 Settings saved. folders=3 mode='Filename contains' sub=True max=200 ignore='*.log;*.bak' lastQuery='HAB*B1230'
2026-02-23T10:38:20 Settings saved. folders=3 mode='Filename contains' sub=True max=200 ignore='*.log;*.bak' lastQuery='HAB*B1230'
2026-02-23T10:38:20 Settings saved. folders=3 mode='Filename contains' sub=True max=200 ignore='*.log;*.bak' lastQuery='HAB*B1230'
2026-02-23T10:38:21 Settings saved. folders=3 mode='Filename contains' sub=True max=200 ignore='*.log;*.bak' lastQuery='HAB*B1230'
2026-02-23T10:38:21 Settings saved. folders=3 mode='Filename contains' sub=True max=200 ignore='*.log;*.bak' lastQuery='HAB*B1230'
2026-02-23T10:38:22 Settings saved. folders=3 mode='Filename contains' sub=True max=200 ignore='*.log;*.bak' lastQuery='HAB*B1230'
2026-02-23T10:38:22 Settings saved. folders=3 mode='Filename contains' sub=True max=200 ignore='*.log;*.bak' lastQuery='HAB*B1230'
2026-02-23T10:38:23 Settings saved. folders=3 mode='Filename contains' sub=True max=200 ignore='*.log;*.bak' lastQuery='HAB*B1230'
2026-02-23T10:38:23 Settings saved. folders=3 mode='Filename contains' sub=True max=200 ignore='*.log;*.bak' lastQuery='HAB*B1230'
